[      49ms] [WARNING] A parser-blocking, cross site (i.e. different eTLD+1) script, https://securepubads.g.doubleclick.net/pagead/managed/js/gpt/m202606110101/pubads_impl.js?cb=31099134, is invoked via document.write. The network request for this script MAY be blocked by the browser in this or a future page load due to poor network connectivity. If blocked in this page load, it will be confirmed in a subsequent console message. See https://www.chromestatus.com/feature/5718547946799104 for more details. @ https://securepubads.g.doubleclick.net/tag/js/gpt.js:10
[      50ms] [WARNING] A parser-blocking, cross site (i.e. different eTLD+1) script, https://securepubads.g.doubleclick.net/pagead/managed/js/gpt/m202606110101/pubads_impl.js?cb=31099134, is invoked via document.write. The network request for this script MAY be blocked by the browser in this or a future page load due to poor network connectivity. If blocked in this page load, it will be confirmed in a subsequent console message. See https://www.chromestatus.com/feature/5718547946799104 for more details. @ https://securepubads.g.doubleclick.net/tag/js/gpt.js:10
[    2318ms] [WARNING] [GPT] Slot.updateTargetingFromMap is deprecated, use Slot.setConfig({targeting: ...}) instead.
https://goo.gle/gpt-message#171 @ https://securepubads.g.doubleclick.net/pagead/managed/js/gpt/m202606110101/pubads_impl.js?cb=31099134:18
[    2840ms] [WARNING] An iframe which has both allow-scripts and allow-same-origin for its sandbox attribute can escape its sandboxing. @ https://cadmus.script.ac/digg7anmcfked/script.js:0
[    2873ms] [WARNING] This ad's html cannot be accessed using the getHtml method on googletag.Slot. Returning the empty string instead. @ https://securepubads.g.doubleclick.net/pagead/managed/js/gpt/m202606110101/pubads_impl.js?cb=31099134:18
[    2945ms] [ERROR] Attestation check for Shared Storage on https://www.googleadservices.com failed. @ https://www.googleadservices.com/pagead/managed/js/activeview/current/reach_worklet.html:0
[    2945ms] [ERROR] Attestation check for Shared Storage on https://www.googleadservices.com failed. @ https://www.googleadservices.com/pagead/managed/js/activeview/current/reach_worklet.html:0
[    3233ms] [ERROR] Attestation check for Shared Storage on https://www.googleadservices.com failed. @ https://www.googleadservices.com/pagead/managed/js/activeview/current/reach_worklet.html:0
[    5385ms] [ERROR] Failed to load resource: the server responded with a status of 422 () @ https://match.sharethrough.com/FGMrCMMc/v1?gdpr=&gdpr_consent=&us_privacy=&gpp=&gpp_sid=&redirectUri=https%3A%2F%2Fpbs-bunny.receptivity.io%2Fsetuid%3Fbidder%3Dsharethrough%26gdpr%3D%26gdpr_consent%3D%26gpp%3D%26gpp_sid%3D%26f%3Di%26uid%3D%24UID:0
[    5745ms] [ERROR] Failed to load resource: net::ERR_NAME_NOT_RESOLVED @ https://cs.iqzone.com/6f0476ca45e1d6b67e3ee8d57532a022.gif?redir=https%3A%2F%2Fsync.cootlogix.com%2Fapi%2Fcookie%3FpartnerId%3Diqzone%26gdpr%3D%26gdpr_consent%3D%26us_privacy%3D%26userId%3D%5BUID%5D&gdpr=&gdpr_consent=&ccpa=:0
[    5760ms] [ERROR] Failed to load resource: the server responded with a status of 404 (Not Found) @ https://us4.shb-sync.com/a760a5a7-e35e-49b8-9f5e-723455346741.gif?puid=4aaf3224-1fc4-a5cb-ac09-4a4defa1ba76&gdpr=&gdpr_consent=ccpa=:0
[    7077ms] [ERROR] Failed to load resource: the server responded with a status of 404 () @ https://cs.admanmedia.com/94fd017f496d404a25fc5546f959bf2f.gif?gdpr=0&gdpr_consent=&us_privacy=&redir=https%3A%2F%2Fsync.kueezrtb.com%2Fapi%2Fcookie%3FpartnerId%3Dkueez-acuity%26gdpr%3D0%26gdpr_consent%3D%26us_privacy%3D%26userId%3D%5BUID%5D:0
[    7574ms] [ERROR] Failed to load resource: the server responded with a status of 404 () @ https://cs.admanmedia.com/94fd017f496d404a25fc5546f959bf2f.gif?gdpr=0&gdpr_consent=&us_privacy=&redir=https%3A%2F%2Fsync.kueezrtb.com%2Fapi%2Fcookie%3FpartnerId%3Dkueez-acuity%26gdpr%3D0%26gdpr_consent%3D%26us_privacy%3D%26userId%3D%5BUID%5D:0
[    9119ms] [ERROR] Failed to load resource: the server responded with a status of 502 (Bad Gateway) @ https://tpsc-ue1.doubleverify.com/event.png?impid=39fc6c7099304399b8fceeee4f3d3d88&flavor=0&gdpr=0&gdpr_consent=&ee_dp_omvk=doubleverify.com-omid&ee_dp_isom=1&ee_dp_omijid=null&dvp_gdv2_Func=1&dvp_gdv2_Applies=0&dvp_gdv2_Succ=1&dvp_gdv2_Dur=0&dvp_gdv2_Doms=1&dvp_gdv2_Dome=1&ee_dp_dich=1&pltm=1&iskpm=1&ismmm=1&isocm=1&ee_dp_isioms=1&ee_dp_isaioms=0&vdur=72&eoid=29&te_strt=1&te_init=247&te_sup=0&te_exec=0&msrjs=10016&sdf=67108868&vit=2&ee_dp_mrci=1&rmi=16&tltms=0&tetms=6&msltms=0&vltms=72&sei=292&vetms=2&tuviims=18&tuviems=92&ismms=6&isumms=5&nvr=6&isgmmims=6&isgmv4mims=6&elmtp=1&isbxdms=1006&b11=1110&adhgt=90&adwdth=728&norwdth=728&norhgt=90&ivsos=3&dvp_vsosnmr=16&ivsosm=1&lftb=1110&sftb=1110&naral=512&vct=1&vphgt=853&vpwdth=1200&chgt=853&cwdth=1200&scrhgt=1169&scrwdth=1800&strp=100&advisonl=true&isgmpims=5&ishvm=1&istchm=1&isascm=1&isaclkm=1&isscrlm=1&engalms=5&dvp_hdnAd=0&m50invms=1110&ee_dp_m50invnprms=1110&ee_dp_issiabvm=6&ee_dp_cvcmeeid=1&metp=2&meeid=1&ee_dp_saw=728&ee_dp_sah=90&ee_dp_tmads=77&adlmid=7&adfnd=512&slctype=IFRAME&genxp=0&genxc=0&dvp_dtcov=2&sim=3&ee_dp_cdndmn=1&dvp_mvpw=device-width&dvp_mvpis=1&dvp_dpr=2&vstsz=705&ee_dp_asmm=1&ispmxpms=907&isiabvms=907&isuiabvms=907&isgmv4dpims=907&vsos=3&ee_dp_issiabvv=1006&ttfurm=3078:0
[    5745ms] [ERROR] Failed to load resource: net::ERR_NAME_NOT_RESOLVED @ https://cs.iqzone.com/6f0476ca45e1d6b67e3ee8d57532a022.gif?redir=https%3A%2F%2Fsync.cootlogix.com%2Fapi%2Fcookie%3FpartnerId%3Diqzone%26gdpr%3D%26gdpr_consent%3D%26us_privacy%3D%26userId%3D%5BUID%5D&gdpr=&gdpr_consent=&ccpa=:0
[    5760ms] [ERROR] Failed to load resource: the server responded with a status of 404 (Not Found) @ https://us4.shb-sync.com/a760a5a7-e35e-49b8-9f5e-723455346741.gif?puid=4aaf3224-1fc4-a5cb-ac09-4a4defa1ba76&gdpr=&gdpr_consent=ccpa=:0
[   10085ms] [ERROR] Failed to load resource: the server responded with a status of 404 (Not Found) @ https://csync.copper6.com/f772595badbd82e599d0f57757300b0b.gif?&redir=https%3A%2F%2Fsync.cootlogix.com%2Fapi%2Fcookie%3FpartnerId%3Dcopper6%26userId%3D[UID]%26gdpr%3D0%26gdpr_consent%3D%26us_privacy%3D&gdpr=0&gdpr_consent=&coppa=&gpp=DBAA:0
[   10085ms] [ERROR] Failed to load resource: the server responded with a status of 404 (Not Found) @ https://csync.copper6.com/f772595badbd82e599d0f57757300b0b.gif?&redir=https%3A%2F%2Fsync.cootlogix.com%2Fapi%2Fcookie%3FpartnerId%3Dcopper6%26userId%3D[UID]%26gdpr%3D0%26gdpr_consent%3D%26us_privacy%3D&gdpr=0&gdpr_consent=&coppa=&gpp=DBAA:0
[   10684ms] [ERROR] Failed to load resource: the server responded with a status of 404 (Not Found) @ https://csync.copper6.com/a07051a91c76d5c0c84ab2d911057679.gif?puid=RX-5096c081-8c7c-4b60-a2aa-46572c4a7467-005:0
[   32960ms] [ERROR] Failed to load resource: net::ERR_HTTP2_PROTOCOL_ERROR @ https://gpm.servicesadmedia.com/google-pixel-match?google_gid=CAESEGwrZ2KAr0PtS41ujvQcn0M&google_push=AXcoOmRkE_rxW46MtkO0pfOEnoDt8p05O8mbuxmUGIiNbkJVwiQn-nBdfBfBg5nxcdDaq4D-VkX-xij2M4sVqKw91VYBLUSsm7JNTrrVJQJTKhqI6bAWW6EfaDOlzIzTL1QA2FxIKlMUCcI7F2u1HhSxsFUsUg&google_cver=1:0
[   32960ms] [ERROR] Failed to load resource: net::ERR_HTTP2_PROTOCOL_ERROR @ https://gpm.servicesadmedia.com/google-pixel-match?google_gid=CAESEGwrZ2KAr0PtS41ujvQcn0M&google_push=AXcoOmRkE_rxW46MtkO0pfOEnoDt8p05O8mbuxmUGIiNbkJVwiQn-nBdfBfBg5nxcdDaq4D-VkX-xij2M4sVqKw91VYBLUSsm7JNTrrVJQJTKhqI6bAWW6EfaDOlzIzTL1QA2FxIKlMUCcI7F2u1HhSxsFUsUg&google_cver=1:0
[    2945ms] [ERROR] Attestation check for Shared Storage on https://www.googleadservices.com failed. @ https://www.googleadservices.com/pagead/managed/js/activeview/current/reach_worklet.html:0
[    3233ms] [ERROR] Attestation check for Shared Storage on https://www.googleadservices.com failed. @ https://www.googleadservices.com/pagead/managed/js/activeview/current/reach_worklet.html:0
[   36556ms] [ERROR] Attestation check for Shared Storage on https://www.googleadservices.com failed. @ https://www.googleadservices.com/pagead/managed/js/activeview/current/reach_worklet.html:0
[   36815ms] [ERROR] Failed to load resource: the server responded with a status of 400 (Bad Request) @ https://match.prod.bidr.io/cookie-sync/syn:0
[   36931ms] [LOG]  [  0.000s] [studio.sdk]   @ https://s0.2mdn.net/ads/studio/Enabler.js:215
[   36936ms] [LOG]  [  0.008s] [studio.sdk] Using default ad parameters in test environment. Simulating local events.  @ https://s0.2mdn.net/ads/studio/Enabler.js:215
[   36968ms] [LOG]  [  0.040s] [studio.sdk] Video "970x90" dispatching "EVENT_VIDEO_INTERACTION" event.  @ https://s0.2mdn.net/ads/studio/Enabler.js:215
[   36968ms] [LOG]  [  0.041s] [studio.sdk] Video "970x90" dispatching "EVENT_VIDEO_PLAY" event.  @ https://s0.2mdn.net/ads/studio/Enabler.js:215
[   36968ms] [LOG]  [  0.041s] [studio.sdk] Video "970x90" dispatching "EVENT_VIDEO_VIEW_TIMER" event.  @ https://s0.2mdn.net/ads/studio/Enabler.js:215
[   37207ms] [LOG]  [  0.280s] [studio.sdk] Video "970x90" dispatching "EVENT_VIDEO_TIMEUPDATE" event.  @ https://s0.2mdn.net/ads/studio/Enabler.js:215
[   37209ms] [LOG]  [  0.281s] [ima.legacy.vast.VideoDisplayEventTracker] dispatching event creativeview  @ https://s0.2mdn.net/ads/studio/Enabler.js:215
[   37209ms] [LOG]  [  0.281s] [ima.legacy.vast.VideoDisplayEventTracker] dispatching event start  @ https://s0.2mdn.net/ads/studio/Enabler.js:215
[   37209ms] [LOG]  [  0.281s] [ima.legacy.vast.VideoDisplayEventTracker] dispatching event mute  @ https://s0.2mdn.net/ads/studio/Enabler.js:215
[   37209ms] [LOG]  [  0.281s] [studio.sdk] Video "970x90" dispatching "EVENT_VIDEO_INTERACTION" event.  @ https://s0.2mdn.net/ads/studio/Enabler.js:215
[   37209ms] [LOG]  [  0.281s] [studio.sdk] Video "970x90" dispatching "EVENT_VIDEO_MUTE" event.  @ https://s0.2mdn.net/ads/studio/Enabler.js:215
[   37461ms] [LOG]  [  0.533s] [studio.sdk] Video "970x90" dispatching "EVENT_VIDEO_TIMEUPDATE" event.  @ https://s0.2mdn.net/ads/studio/Enabler.js:215
[   37726ms] [LOG]  [  0.798s] [studio.sdk] Video "970x90" dispatching "EVENT_VIDEO_TIMEUPDATE" event.  @ https://s0.2mdn.net/ads/studio/Enabler.js:215
[   37991ms] [LOG]  [  1.064s] [studio.sdk] Video "970x90" dispatching "EVENT_VIDEO_TIMEUPDATE" event.  @ https://s0.2mdn.net/ads/studio/Enabler.js:215
[   38258ms] [LOG]  [  1.330s] [studio.sdk] Video "970x90" dispatching "EVENT_VIDEO_TIMEUPDATE" event.  @ https://s0.2mdn.net/ads/studio/Enabler.js:215
[   38523ms] [LOG]  [  1.595s] [studio.sdk] Video "970x90" dispatching "EVENT_VIDEO_TIMEUPDATE" event.  @ https://s0.2mdn.net/ads/studio/Enabler.js:215
[   38789ms] [LOG]  [  1.861s] [studio.sdk] Video "970x90" dispatching "EVENT_VIDEO_TIMEUPDATE" event.  @ https://s0.2mdn.net/ads/studio/Enabler.js:215
[   38955ms] [LOG]  [  0.000s] [studio.sdk]   @ https://s0.2mdn.net/ads/studio/Enabler.js:215
[   38957ms] [LOG]  [  0.002s] [studio.sdk] Using default ad parameters in test environment. Simulating local events.  @ https://s0.2mdn.net/ads/studio/Enabler.js:215
[   38972ms] [LOG]  [  0.018s] [ima.legacy.vast.VideoDisplayEventTracker] dispatching event creativeview  @ https://s0.2mdn.net/ads/studio/Enabler.js:215
[   38972ms] [LOG]  [  0.018s] [ima.legacy.vast.VideoDisplayEventTracker] dispatching event start  @ https://s0.2mdn.net/ads/studio/Enabler.js:215
[   38972ms] [LOG]  [  0.018s] [studio.sdk] Video "970x90" dispatching "EVENT_VIDEO_INTERACTION" event.  @ https://s0.2mdn.net/ads/studio/Enabler.js:215
[   38973ms] [LOG]  [  0.018s] [studio.sdk] Video "970x90" dispatching "EVENT_VIDEO_PLAY" event.  @ https://s0.2mdn.net/ads/studio/Enabler.js:215
[   38973ms] [LOG]  [  0.018s] [studio.sdk] Video "970x90" dispatching "EVENT_VIDEO_VIEW_TIMER" event.  @ https://s0.2mdn.net/ads/studio/Enabler.js:215
[   38973ms] [LOG]  [  0.018s] [ima.legacy.vast.VideoDisplayEventTracker] dispatching event mute  @ https://s0.2mdn.net/ads/studio/Enabler.js:215
[   38973ms] [LOG]  [  0.018s] [studio.sdk] Video "970x90" dispatching "EVENT_VIDEO_INTERACTION" event.  @ https://s0.2mdn.net/ads/studio/Enabler.js:215
[   38973ms] [LOG]  [  0.018s] [studio.sdk] Video "970x90" dispatching "EVENT_VIDEO_MUTE" event.  @ https://s0.2mdn.net/ads/studio/Enabler.js:215
[   39054ms] [LOG]  [  2.127s] [studio.sdk] Video "970x90" dispatching "EVENT_VIDEO_TIMEUPDATE" event.  @ https://s0.2mdn.net/ads/studio/Enabler.js:215
[   39226ms] [LOG]  [  0.272s] [studio.sdk] Video "970x90" dispatching "EVENT_VIDEO_TIMEUPDATE" event.  @ https://s0.2mdn.net/ads/studio/Enabler.js:215
[   39320ms] [LOG]  [  2.393s] [studio.sdk] Video "970x90" dispatching "EVENT_VIDEO_TIMEUPDATE" event.  @ https://s0.2mdn.net/ads/studio/Enabler.js:215
[   39491ms] [LOG]  [  0.537s] [studio.sdk] Video "970x90" dispatching "EVENT_VIDEO_TIMEUPDATE" event.  @ https://s0.2mdn.net/ads/studio/Enabler.js:215
[   39586ms] [LOG]  [  2.659s] [studio.sdk] Video "970x90" dispatching "EVENT_VIDEO_TIMEUPDATE" event.  @ https://s0.2mdn.net/ads/studio/Enabler.js:215
[   39758ms] [LOG]  [  0.803s] [studio.sdk] Video "970x90" dispatching "EVENT_VIDEO_TIMEUPDATE" event.  @ https://s0.2mdn.net/ads/studio/Enabler.js:215
[   39851ms] [LOG]  [  2.923s] [studio.sdk] Video "970x90" dispatching "EVENT_VIDEO_TIMEUPDATE" event.  @ https://s0.2mdn.net/ads/studio/Enabler.js:215
[   40023ms] [LOG]  [  1.068s] [studio.sdk] Video "970x90" dispatching "EVENT_VIDEO_TIMEUPDATE" event.  @ https://s0.2mdn.net/ads/studio/Enabler.js:215
[   40117ms] [LOG]  [  3.189s] [studio.sdk] Video "970x90" dispatching "EVENT_VIDEO_TIMEUPDATE" event.  @ https://s0.2mdn.net/ads/studio/Enabler.js:215
[   40172ms] [LOG]  [  1.217s] [studio.sdk] Video "970x90" dispatching "EVENT_VIDEO_TIMEUPDATE" event.  @ https://s0.2mdn.net/ads/studio/Enabler.js:215
[   40382ms] [LOG]  [  3.454s] [studio.sdk] Video "970x90" dispatching "EVENT_VIDEO_TIMEUPDATE" event.  @ https://s0.2mdn.net/ads/studio/Enabler.js:215
[   40429ms] [LOG]  [  1.474s] [studio.sdk] Video "970x90" dispatching "EVENT_VIDEO_TIMEUPDATE" event.  @ https://s0.2mdn.net/ads/studio/Enabler.js:215
[   40648ms] [LOG]  [  3.720s] [studio.sdk] Video "970x90" dispatching "EVENT_VIDEO_TIMEUPDATE" event.  @ https://s0.2mdn.net/ads/studio/Enabler.js:215
[   40694ms] [LOG]  [  1.740s] [studio.sdk] Video "970x90" dispatching "EVENT_VIDEO_TIMEUPDATE" event.  @ https://s0.2mdn.net/ads/studio/Enabler.js:215
[   40914ms] [LOG]  [  3.986s] [studio.sdk] Video "970x90" dispatching "EVENT_VIDEO_TIMEUPDATE" event.  @ https://s0.2mdn.net/ads/studio/Enabler.js:215
[   40960ms] [LOG]  [  2.005s] [studio.sdk] Video "970x90" dispatching "EVENT_VIDEO_TIMEUPDATE" event.  @ https://s0.2mdn.net/ads/studio/Enabler.js:215
[   41179ms] [LOG]  [  4.251s] [studio.sdk] Video "970x90" dispatching "EVENT_VIDEO_TIMEUPDATE" event.  @ https://s0.2mdn.net/ads/studio/Enabler.js:215
[   41226ms] [LOG]  [  2.271s] [studio.sdk] Video "970x90" dispatching "EVENT_VIDEO_TIMEUPDATE" event.  @ https://s0.2mdn.net/ads/studio/Enabler.js:215
[   41446ms] [LOG]  [  4.518s] [studio.sdk] Video "970x90" dispatching "EVENT_VIDEO_TIMEUPDATE" event.  @ https://s0.2mdn.net/ads/studio/Enabler.js:215
[   41492ms] [LOG]  [  2.537s] [studio.sdk] Video "970x90" dispatching "EVENT_VIDEO_TIMEUPDATE" event.  @ https://s0.2mdn.net/ads/studio/Enabler.js:215
[   41710ms] [LOG]  [  4.782s] [studio.sdk] Video "970x90" dispatching "EVENT_VIDEO_TIMEUPDATE" event.  @ https://s0.2mdn.net/ads/studio/Enabler.js:215
[   41758ms] [LOG]  [  2.803s] [studio.sdk] Video "970x90" dispatching "EVENT_VIDEO_TIMEUPDATE" event.  @ https://s0.2mdn.net/ads/studio/Enabler.js:215
[   41975ms] [LOG]  [  5.048s] [studio.sdk] Video "970x90" dispatching "EVENT_VIDEO_TIMEUPDATE" event.  @ https://s0.2mdn.net/ads/studio/Enabler.js:215
[   42023ms] [LOG]  [  3.068s] [studio.sdk] Video "970x90" dispatching "EVENT_VIDEO_TIMEUPDATE" event.  @ https://s0.2mdn.net/ads/studio/Enabler.js:215
[   42242ms] [LOG]  [  5.314s] [studio.sdk] Video "970x90" dispatching "EVENT_VIDEO_TIMEUPDATE" event.  @ https://s0.2mdn.net/ads/studio/Enabler.js:215
[   42289ms] [LOG]  [  3.334s] [studio.sdk] Video "970x90" dispatching "EVENT_VIDEO_TIMEUPDATE" event.  @ https://s0.2mdn.net/ads/studio/Enabler.js:215
[   42507ms] [LOG]  [  5.580s] [studio.sdk] Video "970x90" dispatching "EVENT_VIDEO_TIMEUPDATE" event.  @ https://s0.2mdn.net/ads/studio/Enabler.js:215
[   42555ms] [LOG]  [  3.600s] [studio.sdk] Video "970x90" dispatching "EVENT_VIDEO_TIMEUPDATE" event.  @ https://s0.2mdn.net/ads/studio/Enabler.js:215
[   42773ms] [LOG]  [  5.845s] [ima.legacy.vast.VideoDisplayEventTracker] dispatching event firstquartile  @ https://s0.2mdn.net/ads/studio/Enabler.js:215
[   42773ms] [LOG]  [  5.846s] [studio.sdk] Video "970x90" dispatching "EVENT_VIDEO_FIRSTQUARTILE" event.  @ https://s0.2mdn.net/ads/studio/Enabler.js:215
[   42773ms] [LOG]  [  5.846s] [studio.sdk] Video "970x90" dispatching "EVENT_VIDEO_TIMEUPDATE" event.  @ https://s0.2mdn.net/ads/studio/Enabler.js:215
[   42820ms] [LOG]  [  3.865s] [studio.sdk] Video "970x90" dispatching "EVENT_VIDEO_TIMEUPDATE" event.  @ https://s0.2mdn.net/ads/studio/Enabler.js:215
[   43039ms] [LOG]  [  6.111s] [studio.sdk] Video "970x90" dispatching "EVENT_VIDEO_TIMEUPDATE" event.  @ https://s0.2mdn.net/ads/studio/Enabler.js:215
[   43086ms] [LOG]  [  4.131s] [studio.sdk] Video "970x90" dispatching "EVENT_VIDEO_TIMEUPDATE" event.  @ https://s0.2mdn.net/ads/studio/Enabler.js:215
[   43304ms] [LOG]  [  6.377s] [studio.sdk] Video "970x90" dispatching "EVENT_VIDEO_TIMEUPDATE" event.  @ https://s0.2mdn.net/ads/studio/Enabler.js:215
[   43352ms] [LOG]  [  4.397s] [studio.sdk] Video "970x90" dispatching "EVENT_VIDEO_TIMEUPDATE" event.  @ https://s0.2mdn.net/ads/studio/Enabler.js:215
[   43571ms] [LOG]  [  6.643s] [studio.sdk] Video "970x90" dispatching "EVENT_VIDEO_TIMEUPDATE" event.  @ https://s0.2mdn.net/ads/studio/Enabler.js:215
[   43617ms] [LOG]  [  4.662s] [studio.sdk] Video "970x90" dispatching "EVENT_VIDEO_TIMEUPDATE" event.  @ https://s0.2mdn.net/ads/studio/Enabler.js:215
[   43836ms] [LOG]  [  6.908s] [studio.sdk] Video "970x90" dispatching "EVENT_VIDEO_TIMEUPDATE" event.  @ https://s0.2mdn.net/ads/studio/Enabler.js:215
[   43883ms] [LOG]  [  4.928s] [studio.sdk] Video "970x90" dispatching "EVENT_VIDEO_TIMEUPDATE" event.  @ https://s0.2mdn.net/ads/studio/Enabler.js:215
[   44102ms] [LOG]  [  7.174s] [studio.sdk] Video "970x90" dispatching "EVENT_VIDEO_TIMEUPDATE" event.  @ https://s0.2mdn.net/ads/studio/Enabler.js:215
[   44148ms] [LOG]  [  5.194s] [studio.sdk] Video "970x90" dispatching "EVENT_VIDEO_TIMEUPDATE" event.  @ https://s0.2mdn.net/ads/studio/Enabler.js:215
[   44368ms] [LOG]  [  7.440s] [studio.sdk] Video "970x90" dispatching "EVENT_VIDEO_TIMEUPDATE" event.  @ https://s0.2mdn.net/ads/studio/Enabler.js:215
[   44414ms] [LOG]  [  5.460s] [studio.sdk] Video "970x90" dispatching "EVENT_VIDEO_TIMEUPDATE" event.  @ https://s0.2mdn.net/ads/studio/Enabler.js:215
[   44633ms] [LOG]  [  7.705s] [studio.sdk] Video "970x90" dispatching "EVENT_VIDEO_TIMEUPDATE" event.  @ https://s0.2mdn.net/ads/studio/Enabler.js:215
[   44679ms] [LOG]  [  5.724s] [ima.legacy.vast.VideoDisplayEventTracker] dispatching event firstquartile  @ https://s0.2mdn.net/ads/studio/Enabler.js:215
[   44679ms] [LOG]  [  5.724s] [studio.sdk] Video "970x90" dispatching "EVENT_VIDEO_FIRSTQUARTILE" event.  @ https://s0.2mdn.net/ads/studio/Enabler.js:215
[   44679ms] [LOG]  [  5.724s] [studio.sdk] Video "970x90" dispatching "EVENT_VIDEO_TIMEUPDATE" event.  @ https://s0.2mdn.net/ads/studio/Enabler.js:215
[   44898ms] [LOG]  [  7.971s] [studio.sdk] Video "970x90" dispatching "EVENT_VIDEO_TIMEUPDATE" event.  @ https://s0.2mdn.net/ads/studio/Enabler.js:215
[   44945ms] [LOG]  [  5.991s] [studio.sdk] Video "970x90" dispatching "EVENT_VIDEO_TIMEUPDATE" event.  @ https://s0.2mdn.net/ads/studio/Enabler.js:215
[   45164ms] [LOG]  [  8.237s] [studio.sdk] Video "970x90" dispatching "EVENT_VIDEO_TIMEUPDATE" event.  @ https://s0.2mdn.net/ads/studio/Enabler.js:215
[   45211ms] [LOG]  [  6.257s] [studio.sdk] Video "970x90" dispatching "EVENT_VIDEO_TIMEUPDATE" event.  @ https://s0.2mdn.net/ads/studio/Enabler.js:215
[   45430ms] [LOG]  [  8.502s] [studio.sdk] Video "970x90" dispatching "EVENT_VIDEO_TIMEUPDATE" event.  @ https://s0.2mdn.net/ads/studio/Enabler.js:215
[   45475ms] [LOG]  [  6.521s] [studio.sdk] Video "970x90" dispatching "EVENT_VIDEO_TIMEUPDATE" event.  @ https://s0.2mdn.net/ads/studio/Enabler.js:215
[   45696ms] [LOG]  [  8.768s] [studio.sdk] Video "970x90" dispatching "EVENT_VIDEO_TIMEUPDATE" event.  @ https://s0.2mdn.net/ads/studio/Enabler.js:215
[   45742ms] [LOG]  [  6.787s] [studio.sdk] Video "970x90" dispatching "EVENT_VIDEO_TIMEUPDATE" event.  @ https://s0.2mdn.net/ads/studio/Enabler.js:215
[   45961ms] [LOG]  [  9.034s] [studio.sdk] Video "970x90" dispatching "EVENT_VIDEO_TIMEUPDATE" event.  @ https://s0.2mdn.net/ads/studio/Enabler.js:215
[   46007ms] [LOG]  [  7.052s] [studio.sdk] Video "970x90" dispatching "EVENT_VIDEO_TIMEUPDATE" event.  @ https://s0.2mdn.net/ads/studio/Enabler.js:215
[   46225ms] [LOG]  [  9.298s] [studio.sdk] Video "970x90" dispatching "EVENT_VIDEO_TIMEUPDATE" event.  @ https://s0.2mdn.net/ads/studio/Enabler.js:215
[   46273ms] [LOG]  [  7.319s] [studio.sdk] Video "970x90" dispatching "EVENT_VIDEO_TIMEUPDATE" event.  @ https://s0.2mdn.net/ads/studio/Enabler.js:215
[   46492ms] [LOG]  [  9.565s] [studio.sdk] Video "970x90" dispatching "EVENT_VIDEO_TIMEUPDATE" event.  @ https://s0.2mdn.net/ads/studio/Enabler.js:215
[   46539ms] [LOG]  [  7.584s] [studio.sdk] Video "970x90" dispatching "EVENT_VIDEO_TIMEUPDATE" event.  @ https://s0.2mdn.net/ads/studio/Enabler.js:215
[   46758ms] [LOG]  [  9.830s] [studio.sdk] Video "970x90" dispatching "EVENT_VIDEO_TIMEUPDATE" event.  @ https://s0.2mdn.net/ads/studio/Enabler.js:215
[   46804ms] [LOG]  [  7.850s] [studio.sdk] Video "970x90" dispatching "EVENT_VIDEO_TIMEUPDATE" event.  @ https://s0.2mdn.net/ads/studio/Enabler.js:215
[   47022ms] [LOG]  [ 10.095s] [studio.sdk] Video "970x90" dispatching "EVENT_VIDEO_TIMEUPDATE" event.  @ https://s0.2mdn.net/ads/studio/Enabler.js:215
[   47070ms] [LOG]  [  8.116s] [studio.sdk] Video "970x90" dispatching "EVENT_VIDEO_TIMEUPDATE" event.  @ https://s0.2mdn.net/ads/studio/Enabler.js:215
[   47289ms] [LOG]  [ 10.361s] [studio.sdk] Video "970x90" dispatching "EVENT_VIDEO_TIMEUPDATE" event.  @ https://s0.2mdn.net/ads/studio/Enabler.js:215
[   47336ms] [LOG]  [  8.381s] [studio.sdk] Video "970x90" dispatching "EVENT_VIDEO_TIMEUPDATE" event.  @ https://s0.2mdn.net/ads/studio/Enabler.js:215
