[     400ms] [WARNING] A parser-blocking, cross site (i.e. different eTLD+1) script, https://securepubads.g.doubleclick.net/pagead/managed/js/gpt/m202606110101/pubads_impl.js?cb=31099134, is invoked via document.write. The network request for this script MAY be blocked by the browser in this or a future page load due to poor network connectivity. If blocked in this page load, it will be confirmed in a subsequent console message. See https://www.chromestatus.com/feature/5718547946799104 for more details. @ https://securepubads.g.doubleclick.net/tag/js/gpt.js:10
[     400ms] [WARNING] A parser-blocking, cross site (i.e. different eTLD+1) script, https://securepubads.g.doubleclick.net/pagead/managed/js/gpt/m202606110101/pubads_impl.js?cb=31099134, is invoked via document.write. The network request for this script MAY be blocked by the browser in this or a future page load due to poor network connectivity. If blocked in this page load, it will be confirmed in a subsequent console message. See https://www.chromestatus.com/feature/5718547946799104 for more details. @ https://securepubads.g.doubleclick.net/tag/js/gpt.js:10
[    1104ms] [ERROR] Failed to load resource: the server responded with a status of 404 (Not Found) @ https://b1sync.zemanta.com/usersync/liveintent/?cb=//i.liadm.com/s/35004?bidder_id%3D98254%26bidder_uuid%3D__ZUID__:0
[    1728ms] [WARNING] [GPT] Slot.updateTargetingFromMap is deprecated, use Slot.setConfig({targeting: ...}) instead.
https://goo.gle/gpt-message#171 @ https://securepubads.g.doubleclick.net/pagead/managed/js/gpt/m202606110101/pubads_impl.js?cb=31099134:18
[    2281ms] [WARNING] An iframe which has both allow-scripts and allow-same-origin for its sandbox attribute can escape its sandboxing. @ https://cadmus.script.ac/digg7anmcfked/script.js:0
[    2604ms] [WARNING] Mixed Content: The page at 'https://ae29765e3162adfe83278b22557f0b03.safeframe.googlesyndication.com/safeframe/1-0-45/html/container.html' was loaded over HTTPS, but requested an insecure element 'http://match.sharethrough.com/universal/v1?supply_id=Wq9Ma2mz'. This request was automatically upgraded to HTTPS, For more information see https://blog.chromium.org/2019/10/no-more-mixed-messages-about-https.html @ :0
[    2604ms] [WARNING] Mixed Content: The page at 'https://ae29765e3162adfe83278b22557f0b03.safeframe.googlesyndication.com/safeframe/1-0-45/html/container.html' was loaded over HTTPS, but requested an insecure element 'http://match.sharethrough.com/universal/v1?supply_id=Wq9Ma2mz'. This request was automatically upgraded to HTTPS, For more information see https://blog.chromium.org/2019/10/no-more-mixed-messages-about-https.html @ :0
[    2607ms] [ERROR] Attestation check for Shared Storage on https://www.googleadservices.com failed. @ https://www.googleadservices.com/pagead/managed/js/activeview/current/reach_worklet.html:0
[    2608ms] [ERROR] Attestation check for Shared Storage on https://www.googleadservices.com failed. @ https://www.googleadservices.com/pagead/managed/js/activeview/current/reach_worklet.html:0
[    2675ms] [WARNING] Mixed Content: The page at 'https://ae29765e3162adfe83278b22557f0b03.safeframe.googlesyndication.com/safeframe/1-0-45/html/container.html' was loaded over HTTPS, but requested an insecure element 'http://match.sharethrough.com/universal/v1?supply_id=Wq9Ma2mz'. This request was automatically upgraded to HTTPS, For more information see https://blog.chromium.org/2019/10/no-more-mixed-messages-about-https.html @ https://ae29765e3162adfe83278b22557f0b03.safeframe.googlesyndication.com/safeframe/1-0-45/html/container.html:0
[    2885ms] Uncaught SecurityError: Failed to read a named property 'confiantConsentCounter' from 'Window': Blocked a frame with origin "https://ae29765e3162adfe83278b22557f0b03.safeframe.googlesyndication.com" from accessing a frame with origin "https://newyork.gaycities.com". Protocols, domains, and ports must match.
    at _0x3c94c4.<computed>.<computed> (https://cdn.confiant-integrations.net/gptprebidnative/202605191507/wrap.js:41:6131)
    at _0x3c94c4.<computed>.<computed> (https://cdn.confiant-integrations.net/gptprebidnative/202605191507/wrap.js:41:5813)
    at _0x3c94c4 (https://cdn.confiant-integrations.net/gptprebidnative/202605191507/wrap.js:41:5282)
    at <anonymous> (https://cdn.confiant-integrations.net/gptprebidnative/202605191507/wrap.js:106:2)
    at <anonymous> (https://cdn.confiant-integrations.net/gptprebidnative/202605191507/wrap.js:121:2)
[    2895ms] [WARNING] This ad's html cannot be accessed using the getHtml method on googletag.Slot. Returning the empty string instead. @ https://securepubads.g.doubleclick.net/pagead/managed/js/gpt/m202606110101/pubads_impl.js?cb=31099134:18
[    2604ms] [WARNING] Mixed Content: The page at 'https://ae29765e3162adfe83278b22557f0b03.safeframe.googlesyndication.com/safeframe/1-0-45/html/container.html' was loaded over HTTPS, but requested an insecure element 'http://match.sharethrough.com/universal/v1?supply_id=Wq9Ma2mz'. This request was automatically upgraded to HTTPS, For more information see https://blog.chromium.org/2019/10/no-more-mixed-messages-about-https.html @ :0
[    2604ms] [WARNING] Mixed Content: The page at 'https://ae29765e3162adfe83278b22557f0b03.safeframe.googlesyndication.com/safeframe/1-0-45/html/container.html' was loaded over HTTPS, but requested an insecure element 'http://match.sharethrough.com/universal/v1?supply_id=Wq9Ma2mz'. This request was automatically upgraded to HTTPS, For more information see https://blog.chromium.org/2019/10/no-more-mixed-messages-about-https.html @ :0
[    2675ms] [WARNING] Mixed Content: The page at 'https://ae29765e3162adfe83278b22557f0b03.safeframe.googlesyndication.com/safeframe/1-0-45/html/container.html' was loaded over HTTPS, but requested an insecure element 'http://match.sharethrough.com/universal/v1?supply_id=Wq9Ma2mz'. This request was automatically upgraded to HTTPS, For more information see https://blog.chromium.org/2019/10/no-more-mixed-messages-about-https.html @ https://ae29765e3162adfe83278b22557f0b03.safeframe.googlesyndication.com/safeframe/1-0-45/html/container.html:0
[    2948ms] [ERROR] Failed to load resource: the server responded with a status of 404 (Not Found) @ https://csync.copper6.com/3ccb4268afab0c2b1373a8a8fdc5011f.gif?coppa=%5BCOPPA%5D&gdpr=0&gdpr_consent=%5BGDPR_CONSENT%5D&gpp=%5BGPP%5D&gpp_sid=%5BGPP_SID%5D&redir=https%3A%2F%2Fcs.openwebmp.com%2Fcs%3Ffwrd%3D1%26aid%3D40040%26puid%3D%5BUID%5D:0
[    2607ms] [ERROR] Attestation check for Shared Storage on https://www.googleadservices.com failed. @ https://www.googleadservices.com/pagead/managed/js/activeview/current/reach_worklet.html:0
[    2608ms] [ERROR] Attestation check for Shared Storage on https://www.googleadservices.com failed. @ https://www.googleadservices.com/pagead/managed/js/activeview/current/reach_worklet.html:0
[    3018ms] [ERROR] Attestation check for Shared Storage on https://www.googleadservices.com failed. @ https://www.googleadservices.com/pagead/managed/js/activeview/current/reach_worklet.html:0
[    3069ms] [TIMEEND] a: 0.001953125 ms @ https://static.adsafeprotected.com/sca.17.6.4.js:31
[    3254ms] [ERROR] Failed to load resource: the server responded with a status of 404 () @ https://cs.admanmedia.com/94fd017f496d404a25fc5546f959bf2f.gif?gdpr=&gdpr_consent=&us_privacy=&redir=https%3A%2F%2Fsync.kueezrtb.com%2Fapi%2Fcookie%3FpartnerId%3Dkueez-acuity%26gdpr%3D%26gdpr_consent%3D%26us_privacy%3D%26userId%3D%5BUID%5D:0
[    3266ms] [ERROR] %cBidder Debug %cv0.0.86 color: #fff; background-color: #02224C; padding: 5px color: #fff; background-color: #0054c2; padding: 5px {error_type: confiant_obj_not_found, dpid: openx, pixel: KgAAETFPWFBQRVZYXX9YV0MqGwEUKxZUVlpBAglVe15QAyxYVV…2Ew4ODEkCCw86AAACFwgAOiMWCwALGAEGAysGChEtBxA6cw==} @ https://rt.marphezis.com/static/client.js?ver=0.0.86:1
[    2604ms] [WARNING] Mixed Content: The page at 'https://ae29765e3162adfe83278b22557f0b03.safeframe.googlesyndication.com/safeframe/1-0-45/html/container.html' was loaded over HTTPS, but requested an insecure element 'http://match.sharethrough.com/universal/v1?supply_id=Wq9Ma2mz'. This request was automatically upgraded to HTTPS, For more information see https://blog.chromium.org/2019/10/no-more-mixed-messages-about-https.html @ :0
[    2604ms] [WARNING] Mixed Content: The page at 'https://ae29765e3162adfe83278b22557f0b03.safeframe.googlesyndication.com/safeframe/1-0-45/html/container.html' was loaded over HTTPS, but requested an insecure element 'http://match.sharethrough.com/universal/v1?supply_id=Wq9Ma2mz'. This request was automatically upgraded to HTTPS, For more information see https://blog.chromium.org/2019/10/no-more-mixed-messages-about-https.html @ :0
[    2675ms] [WARNING] Mixed Content: The page at 'https://ae29765e3162adfe83278b22557f0b03.safeframe.googlesyndication.com/safeframe/1-0-45/html/container.html' was loaded over HTTPS, but requested an insecure element 'http://match.sharethrough.com/universal/v1?supply_id=Wq9Ma2mz'. This request was automatically upgraded to HTTPS, For more information see https://blog.chromium.org/2019/10/no-more-mixed-messages-about-https.html @ https://ae29765e3162adfe83278b22557f0b03.safeframe.googlesyndication.com/safeframe/1-0-45/html/container.html:0
[    2607ms] [ERROR] Attestation check for Shared Storage on https://www.googleadservices.com failed. @ https://www.googleadservices.com/pagead/managed/js/activeview/current/reach_worklet.html:0
[    2608ms] [ERROR] Attestation check for Shared Storage on https://www.googleadservices.com failed. @ https://www.googleadservices.com/pagead/managed/js/activeview/current/reach_worklet.html:0
[    3018ms] [ERROR] Attestation check for Shared Storage on https://www.googleadservices.com failed. @ https://www.googleadservices.com/pagead/managed/js/activeview/current/reach_worklet.html:0
[    3361ms] [ERROR] Attestation check for Shared Storage on https://www.googleadservices.com failed. @ https://www.googleadservices.com/pagead/managed/js/activeview/current/reach_worklet.html:0
[    3412ms] [ERROR] Failed to load resource: the server responded with a status of 404 (Not Found) @ https://csync.copper6.com/f772595badbd82e599d0f57757300b0b.gif?&redir=https%3A%2F%2Fsync.cootlogix.com%2Fapi%2Fcookie%3FpartnerId%3Dcopper6%26userId%3D[UID]%26gdpr%3D%26gdpr_consent%3D%26us_privacy%3D&gdpr=&gdpr_consent=&coppa=&gpp=:0
[    3412ms] [ERROR] Failed to load resource: the server responded with a status of 404 (Not Found) @ https://csync.copper6.com/f772595badbd82e599d0f57757300b0b.gif?&redir=https%3A%2F%2Fsync.cootlogix.com%2Fapi%2Fcookie%3FpartnerId%3Dcopper6%26userId%3D[UID]%26gdpr%3D%26gdpr_consent%3D%26us_privacy%3D&gdpr=&gdpr_consent=&coppa=&gpp=:0
[    3416ms] [ERROR] Failed to load resource: the server responded with a status of 404 (Not Found) @ https://csync.copper6.com/a07051a91c76d5c0c84ab2d911057679.gif?puid=RX-5096c081-8c7c-4b60-a2aa-46572c4a7467-005:0
[    3546ms] [ERROR] Failed to load resource: net::ERR_NAME_NOT_RESOLVED @ https://cs.iqzone.com/6f0476ca45e1d6b67e3ee8d57532a022.gif?redir=https%3A%2F%2Fsync.cootlogix.com%2Fapi%2Fcookie%3FpartnerId%3Diqzone%26gdpr%3D%26gdpr_consent%3D%26us_privacy%3D%26userId%3D%5BUID%5D&gdpr=&gdpr_consent=&ccpa=:0
[    3574ms] [ERROR] Failed to load resource: the server responded with a status of 404 (Not Found) @ https://us4.shb-sync.com/a760a5a7-e35e-49b8-9f5e-723455346741.gif?puid=4aaf3224-1fc4-a5cb-ac09-4a4defa1ba76&gdpr=&gdpr_consent=ccpa=:0
[    3546ms] [ERROR] Failed to load resource: net::ERR_NAME_NOT_RESOLVED @ https://cs.iqzone.com/6f0476ca45e1d6b67e3ee8d57532a022.gif?redir=https%3A%2F%2Fsync.cootlogix.com%2Fapi%2Fcookie%3FpartnerId%3Diqzone%26gdpr%3D%26gdpr_consent%3D%26us_privacy%3D%26userId%3D%5BUID%5D&gdpr=&gdpr_consent=&ccpa=:0
[    3574ms] [ERROR] Failed to load resource: the server responded with a status of 404 (Not Found) @ https://us4.shb-sync.com/a760a5a7-e35e-49b8-9f5e-723455346741.gif?puid=4aaf3224-1fc4-a5cb-ac09-4a4defa1ba76&gdpr=&gdpr_consent=ccpa=:0
[    2607ms] [ERROR] Attestation check for Shared Storage on https://www.googleadservices.com failed. @ https://www.googleadservices.com/pagead/managed/js/activeview/current/reach_worklet.html:0
[    2608ms] [ERROR] Attestation check for Shared Storage on https://www.googleadservices.com failed. @ https://www.googleadservices.com/pagead/managed/js/activeview/current/reach_worklet.html:0
[    3018ms] [ERROR] Attestation check for Shared Storage on https://www.googleadservices.com failed. @ https://www.googleadservices.com/pagead/managed/js/activeview/current/reach_worklet.html:0
[    3361ms] [ERROR] Attestation check for Shared Storage on https://www.googleadservices.com failed. @ https://www.googleadservices.com/pagead/managed/js/activeview/current/reach_worklet.html:0
[    3792ms] [ERROR] Attestation check for Shared Storage on https://www.googleadservices.com failed. @ https://www.googleadservices.com/pagead/managed/js/activeview/current/reach_worklet.html:0
[    3254ms] [ERROR] Failed to load resource: the server responded with a status of 404 () @ https://cs.admanmedia.com/94fd017f496d404a25fc5546f959bf2f.gif?gdpr=&gdpr_consent=&us_privacy=&redir=https%3A%2F%2Fsync.kueezrtb.com%2Fapi%2Fcookie%3FpartnerId%3Dkueez-acuity%26gdpr%3D%26gdpr_consent%3D%26us_privacy%3D%26userId%3D%5BUID%5D:0
[    4845ms] [ERROR] Failed to load resource: the server responded with a status of 422 () @ https://match.sharethrough.com/FGMrCMMc/v1?gdpr=&gdpr_consent=&us_privacy=&gpp=&gpp_sid=&redirectUri=https%3A%2F%2Fpbs-bunny.receptivity.io%2Fsetuid%3Fbidder%3Dsharethrough%26gdpr%3D%26gdpr_consent%3D%26gpp%3D%26gpp_sid%3D%26f%3Di%26uid%3D%24UID:0
[    3546ms] [ERROR] Failed to load resource: net::ERR_NAME_NOT_RESOLVED @ https://cs.iqzone.com/6f0476ca45e1d6b67e3ee8d57532a022.gif?redir=https%3A%2F%2Fsync.cootlogix.com%2Fapi%2Fcookie%3FpartnerId%3Diqzone%26gdpr%3D%26gdpr_consent%3D%26us_privacy%3D%26userId%3D%5BUID%5D&gdpr=&gdpr_consent=&ccpa=:0
[    3574ms] [ERROR] Failed to load resource: the server responded with a status of 404 (Not Found) @ https://us4.shb-sync.com/a760a5a7-e35e-49b8-9f5e-723455346741.gif?puid=4aaf3224-1fc4-a5cb-ac09-4a4defa1ba76&gdpr=&gdpr_consent=ccpa=:0
[    4917ms] [ERROR] Failed to load resource: net::ERR_NAME_NOT_RESOLVED @ https://cs.iqzone.com/6f0476ca45e1d6b67e3ee8d57532a022.gif?redir=https%3A%2F%2Fsync.cootlogix.com%2Fapi%2Fcookie%3FpartnerId%3Diqzone%26gdpr%3D%26gdpr_consent%3D%26us_privacy%3D%26userId%3D%5BUID%5D&gdpr=&gdpr_consent=&ccpa=:0
[    4940ms] [ERROR] Failed to load resource: the server responded with a status of 404 (Not Found) @ https://us4.shb-sync.com/a760a5a7-e35e-49b8-9f5e-723455346741.gif?puid=4aaf3224-1fc4-a5cb-ac09-4a4defa1ba76&gdpr=&gdpr_consent=ccpa=:0
[    5493ms] [ERROR] Failed to load resource: the server responded with a status of 404 () @ https://ittpx.eskimi.com/sync?sp_id=181&gdpr=${GDPR}&gdpr_consent=${GDPR_CONSENT}&us_privacy=${US_PRIVACY}&dest=https%3A%2F%2Fsync.adtech.ink%2Fpsync%3Ft%3Dd%26e%3D350%26u%3D%24%7BUSER_ID%7D%26clp%3DaHR0cHM6Ly9zeW5jLmNvb3Rsb2dpeC5jb20vYXBpL2Nvb2tpZT9wYXJ0bmVySWQ9YWRpc29udHYmdXNlcklkPSVVU0VSX0lEJSZnZHByPSZnZHByX2NvbnNlbnQ9JnVzX3ByaXZhY3k9:0
[    6372ms] [ERROR] Failed to load resource: the server responded with a status of 404 () @ https://cs.admanmedia.com/94fd017f496d404a25fc5546f959bf2f.gif?gdpr=0&gdpr_consent=&us_privacy=&redir=https%3A%2F%2Fsync.kueezrtb.com%2Fapi%2Fcookie%3FpartnerId%3Dkueez-acuity%26gdpr%3D0%26gdpr_consent%3D%26us_privacy%3D%26userId%3D%5BUID%5D:0
[    6864ms] [ERROR] Failed to load resource: the server responded with a status of 404 () @ https://cs.admanmedia.com/94fd017f496d404a25fc5546f959bf2f.gif?gdpr=0&gdpr_consent=&us_privacy=&redir=https%3A%2F%2Fsync.kueezrtb.com%2Fapi%2Fcookie%3FpartnerId%3Dkueez-acuity%26gdpr%3D0%26gdpr_consent%3D%26us_privacy%3D%26userId%3D%5BUID%5D:0
[    8777ms] [ERROR] Failed to load resource: the server responded with a status of 502 (Bad Gateway) @ https://tpsc-ue1.doubleverify.com/event.png?impid=6c57cea6e0ba4862a94da99953256ccd&flavor=0&gdpr=0&gdpr_consent=&ee_dp_omvk=doubleverify.com-omid&ee_dp_isom=1&ee_dp_omijid=null&ee_dp_dich=1&pltm=1&iskpm=1&ismmm=1&isocm=1&ee_dp_isioms=1&ee_dp_isaioms=0&vdur=69&eoid=28&te_strt=1&te_init=247&te_sup=0&te_exec=0&msrjs=10016&sdf=67108868&vit=2&ee_dp_mrci=1&rmi=16&tltms=0&tetms=5&msltms=0&vltms=69&sei=292&vetms=2&tuviims=23&tuviems=94&ismms=4&isumms=4&nvr=2&isgmmims=4&isgmv4mims=4&elmtp=1&isbxdms=105&b0=201&adhgt=1&adwdth=1&dvp_vsosnmr=1&ivsosm=1&lftb=201&sftb=201&naral=512&vct=1&vphgt=853&vpwdth=1200&chgt=853&cwdth=1200&scrhgt=1169&scrwdth=1800&strp=0&advisonl=false&ishvm=1&istchm=1&isascm=1&isaclkm=1&isscrlm=1&engalms=3&dvp_hdnAd=0&m50invms=0&ee_dp_m50invnprms=0&ee_dp_issiabvm=4&ee_dp_cvcmeeid=1&metp=2&meeid=1&ee_dp_saw=1&ee_dp_sah=1&ee_dp_tmads=74&adlmid=7&adfnd=512&slctype=IFRAME&genxp=0&genxc=0&dvp_dtcov=2&sim=3&ee_dp_cdndmn=1&dvp_mvpw=device-width&dvp_mvpis=1&dvp_dpr=2&vstsz=439&dvp_sosadc=1&engscrlms=105&engscrlmsv2=105&ee_dp_asmm=1&dvp_pageEng=true&ttfurm=3075:0
[    3546ms] [ERROR] Failed to load resource: net::ERR_NAME_NOT_RESOLVED @ https://cs.iqzone.com/6f0476ca45e1d6b67e3ee8d57532a022.gif?redir=https%3A%2F%2Fsync.cootlogix.com%2Fapi%2Fcookie%3FpartnerId%3Diqzone%26gdpr%3D%26gdpr_consent%3D%26us_privacy%3D%26userId%3D%5BUID%5D&gdpr=&gdpr_consent=&ccpa=:0
[    3574ms] [ERROR] Failed to load resource: the server responded with a status of 404 (Not Found) @ https://us4.shb-sync.com/a760a5a7-e35e-49b8-9f5e-723455346741.gif?puid=4aaf3224-1fc4-a5cb-ac09-4a4defa1ba76&gdpr=&gdpr_consent=ccpa=:0
[    4917ms] [ERROR] Failed to load resource: net::ERR_NAME_NOT_RESOLVED @ https://cs.iqzone.com/6f0476ca45e1d6b67e3ee8d57532a022.gif?redir=https%3A%2F%2Fsync.cootlogix.com%2Fapi%2Fcookie%3FpartnerId%3Diqzone%26gdpr%3D%26gdpr_consent%3D%26us_privacy%3D%26userId%3D%5BUID%5D&gdpr=&gdpr_consent=&ccpa=:0
[    4940ms] [ERROR] Failed to load resource: the server responded with a status of 404 (Not Found) @ https://us4.shb-sync.com/a760a5a7-e35e-49b8-9f5e-723455346741.gif?puid=4aaf3224-1fc4-a5cb-ac09-4a4defa1ba76&gdpr=&gdpr_consent=ccpa=:0
[    5493ms] [ERROR] Failed to load resource: the server responded with a status of 404 () @ https://ittpx.eskimi.com/sync?sp_id=181&gdpr=${GDPR}&gdpr_consent=${GDPR_CONSENT}&us_privacy=${US_PRIVACY}&dest=https%3A%2F%2Fsync.adtech.ink%2Fpsync%3Ft%3Dd%26e%3D350%26u%3D%24%7BUSER_ID%7D%26clp%3DaHR0cHM6Ly9zeW5jLmNvb3Rsb2dpeC5jb20vYXBpL2Nvb2tpZT9wYXJ0bmVySWQ9YWRpc29udHYmdXNlcklkPSVVU0VSX0lEJSZnZHByPSZnZHByX2NvbnNlbnQ9JnVzX3ByaXZhY3k9:0
[    3412ms] [ERROR] Failed to load resource: the server responded with a status of 404 (Not Found) @ https://csync.copper6.com/f772595badbd82e599d0f57757300b0b.gif?&redir=https%3A%2F%2Fsync.cootlogix.com%2Fapi%2Fcookie%3FpartnerId%3Dcopper6%26userId%3D[UID]%26gdpr%3D%26gdpr_consent%3D%26us_privacy%3D&gdpr=&gdpr_consent=&coppa=&gpp=:0
[    3416ms] [ERROR] Failed to load resource: the server responded with a status of 404 (Not Found) @ https://csync.copper6.com/a07051a91c76d5c0c84ab2d911057679.gif?puid=RX-5096c081-8c7c-4b60-a2aa-46572c4a7467-005:0
[    9386ms] [ERROR] Failed to load resource: the server responded with a status of 404 (Not Found) @ https://csync.copper6.com/f772595badbd82e599d0f57757300b0b.gif?&redir=https%3A%2F%2Fsync.cootlogix.com%2Fapi%2Fcookie%3FpartnerId%3Dcopper6%26userId%3D[UID]%26gdpr%3D0%26gdpr_consent%3D%26us_privacy%3D&gdpr=0&gdpr_consent=&coppa=&gpp=DBAA:0
[    3412ms] [ERROR] Failed to load resource: the server responded with a status of 404 (Not Found) @ https://csync.copper6.com/f772595badbd82e599d0f57757300b0b.gif?&redir=https%3A%2F%2Fsync.cootlogix.com%2Fapi%2Fcookie%3FpartnerId%3Dcopper6%26userId%3D[UID]%26gdpr%3D%26gdpr_consent%3D%26us_privacy%3D&gdpr=&gdpr_consent=&coppa=&gpp=:0
[    3416ms] [ERROR] Failed to load resource: the server responded with a status of 404 (Not Found) @ https://csync.copper6.com/a07051a91c76d5c0c84ab2d911057679.gif?puid=RX-5096c081-8c7c-4b60-a2aa-46572c4a7467-005:0
[    9386ms] [ERROR] Failed to load resource: the server responded with a status of 404 (Not Found) @ https://csync.copper6.com/f772595badbd82e599d0f57757300b0b.gif?&redir=https%3A%2F%2Fsync.cootlogix.com%2Fapi%2Fcookie%3FpartnerId%3Dcopper6%26userId%3D[UID]%26gdpr%3D0%26gdpr_consent%3D%26us_privacy%3D&gdpr=0&gdpr_consent=&coppa=&gpp=DBAA:0
[    9963ms] [ERROR] Failed to load resource: the server responded with a status of 404 (Not Found) @ https://csync.copper6.com/a07051a91c76d5c0c84ab2d911057679.gif?puid=RX-5096c081-8c7c-4b60-a2aa-46572c4a7467-005:0
[    2604ms] [WARNING] Mixed Content: The page at 'https://ae29765e3162adfe83278b22557f0b03.safeframe.googlesyndication.com/safeframe/1-0-45/html/container.html' was loaded over HTTPS, but requested an insecure element 'http://match.sharethrough.com/universal/v1?supply_id=Wq9Ma2mz'. This request was automatically upgraded to HTTPS, For more information see https://blog.chromium.org/2019/10/no-more-mixed-messages-about-https.html @ :0
[    2604ms] [WARNING] Mixed Content: The page at 'https://ae29765e3162adfe83278b22557f0b03.safeframe.googlesyndication.com/safeframe/1-0-45/html/container.html' was loaded over HTTPS, but requested an insecure element 'http://match.sharethrough.com/universal/v1?supply_id=Wq9Ma2mz'. This request was automatically upgraded to HTTPS, For more information see https://blog.chromium.org/2019/10/no-more-mixed-messages-about-https.html @ :0
[    2675ms] [WARNING] Mixed Content: The page at 'https://ae29765e3162adfe83278b22557f0b03.safeframe.googlesyndication.com/safeframe/1-0-45/html/container.html' was loaded over HTTPS, but requested an insecure element 'http://match.sharethrough.com/universal/v1?supply_id=Wq9Ma2mz'. This request was automatically upgraded to HTTPS, For more information see https://blog.chromium.org/2019/10/no-more-mixed-messages-about-https.html @ https://ae29765e3162adfe83278b22557f0b03.safeframe.googlesyndication.com/safeframe/1-0-45/html/container.html:0
[    2607ms] [ERROR] Attestation check for Shared Storage on https://www.googleadservices.com failed. @ https://www.googleadservices.com/pagead/managed/js/activeview/current/reach_worklet.html:0
[    2608ms] [ERROR] Attestation check for Shared Storage on https://www.googleadservices.com failed. @ https://www.googleadservices.com/pagead/managed/js/activeview/current/reach_worklet.html:0
[    3018ms] [ERROR] Attestation check for Shared Storage on https://www.googleadservices.com failed. @ https://www.googleadservices.com/pagead/managed/js/activeview/current/reach_worklet.html:0
[    3361ms] [ERROR] Attestation check for Shared Storage on https://www.googleadservices.com failed. @ https://www.googleadservices.com/pagead/managed/js/activeview/current/reach_worklet.html:0
[    3792ms] [ERROR] Attestation check for Shared Storage on https://www.googleadservices.com failed. @ https://www.googleadservices.com/pagead/managed/js/activeview/current/reach_worklet.html:0
[   35159ms] [ERROR] Attestation check for Shared Storage on https://www.googleadservices.com failed. @ https://www.googleadservices.com/pagead/managed/js/activeview/current/reach_worklet.html:0
[    2607ms] [ERROR] Attestation check for Shared Storage on https://www.googleadservices.com failed. @ https://www.googleadservices.com/pagead/managed/js/activeview/current/reach_worklet.html:0
[    2608ms] [ERROR] Attestation check for Shared Storage on https://www.googleadservices.com failed. @ https://www.googleadservices.com/pagead/managed/js/activeview/current/reach_worklet.html:0
[    3018ms] [ERROR] Attestation check for Shared Storage on https://www.googleadservices.com failed. @ https://www.googleadservices.com/pagead/managed/js/activeview/current/reach_worklet.html:0
[    3361ms] [ERROR] Attestation check for Shared Storage on https://www.googleadservices.com failed. @ https://www.googleadservices.com/pagead/managed/js/activeview/current/reach_worklet.html:0
[    3792ms] [ERROR] Attestation check for Shared Storage on https://www.googleadservices.com failed. @ https://www.googleadservices.com/pagead/managed/js/activeview/current/reach_worklet.html:0
[   35159ms] [ERROR] Attestation check for Shared Storage on https://www.googleadservices.com failed. @ https://www.googleadservices.com/pagead/managed/js/activeview/current/reach_worklet.html:0
[   35323ms] [ERROR] Attestation check for Shared Storage on https://www.googleadservices.com failed. @ https://www.googleadservices.com/pagead/managed/js/activeview/current/reach_worklet.html:0
[   35576ms] [TIMEEND] a: 0.001953125 ms @ https://static.adsafeprotected.com/sca.17.6.4.js:31
[  134248ms] [ERROR] %cBidder Debug %cv0.0.86 color: #fff; background-color: #02224C; padding: 5px color: #fff; background-color: #0054c2; padding: 5px {error_type: confiant_obj_not_found, dpid: appnexus, pixel: KgAAETFPWFBQRVZYXXBdUkMqGwEUKxZUX1xCV1tbfg1JXX8KVU…CESkODQF_Ew0FGh0HCDIpDTsELAsDBi4QAAkLGw0bCCYdO1Q=} @ https://rt.marphezis.com/static/client.js?ver=0.0.86:1
[  205871ms] [ERROR] %cBidder Debug %cv0.0.86 color: #fff; background-color: #02224C; padding: 5px color: #fff; background-color: #0054c2; padding: 5px {error_type: confiant_obj_not_found, dpid: appnexus, pixel: KgAAETFPWFBQRVZYXXFYU0MqGwEUKxZUUgxAVlsILQ9JVCtbVk…RTgACCAQsVAUBKhsNASUtCAM3FQcNCisFBgwmCgsLNhcHEzdF} @ https://rt.marphezis.com/static/client.js?ver=0.0.86:1
[  236382ms] [ERROR] %cBidder Debug %cv0.0.86 color: #fff; background-color: #02224C; padding: 5px color: #fff; background-color: #0054c2; padding: 5px {error_type: confiant_obj_not_found, dpid: appnexusia, pixel: KgAAETFPWFBQRVZYXXFdXEMqGwEUKxZUBApNVw0JLA1JVytYUk…CESkODQF_Ew0FGh0HCDIpDTsELAsDBi4QAAkLGw0bCCYdO1Q=} @ https://rt.marphezis.com/static/client.js?ver=0.0.86:1
[  256399ms] [ERROR] %cBidder Debug %cv0.0.86 color: #fff; background-color: #02224C; padding: 5px color: #fff; background-color: #0054c2; padding: 5px {error_type: confiant_obj_not_found, dpid: openx, pixel: KgAAETFPWFBQRVZYXXFdXEMqGwEUKxZUBApNVw0JLA1JVytYUk…BHBUEBgl1CAAHOgAAAh0TDTgJEAEIDiQLDQsrBgoRJxwdOFk=} @ https://rt.marphezis.com/static/client.js?ver=0.0.86:1
[  257331ms] [ERROR] Failed to load resource: net::ERR_TOO_MANY_REDIRECTS @ https://ad.360yield.com/server_match?gdpr=&gdpr_consent=&r=https%3A%2F%2Fsync.intentiq.com%2Fprofiles_engine%2FProfilesEngineServlet%3Fat%3D20%26dpi%3D1207058874%26mi%3D10%26csh%3D793790479%3B1486637409%3B259151345%3B1709765917%3B1868283820%3B1881119486%3B396218182%26rnd%3D282844279%26pcid%3D%7BPUB_USER_ID%7D%0A:0
[  377729ms] [ERROR] %cBidder Debug %cv0.0.86 color: #fff; background-color: #02224C; padding: 5px color: #fff; background-color: #0054c2; padding: 5px {error_type: confiant_obj_not_found, dpid: appnexus, pixel: KgAAETFPWFBQRVZYXHhRXUMqGwEUKxZUUVhHVQ5cKV9JXH9aUk…RTgACCAQsVAUBKhsNASUtCAM3FQcNCisFBgwmCgsLNhcHEzdF} @ https://rt.marphezis.com/static/client.js?ver=0.0.86:1
[  434578ms] [ERROR] %cBidder Debug %cv0.0.86 color: #fff; background-color: #02224C; padding: 5px color: #fff; background-color: #0054c2; padding: 5px {error_type: confiant_obj_not_found, dpid: appnexus, pixel: KgAAETFPWFBQRVZYXHldUUMqGwEUKxZUAV8SB1ZecV9JVi5cU0…RTgACCAQsVAUBKhsNASUtCAM3FQcNCisFBgwmCgsLNhcHEzdF} @ https://rt.marphezis.com/static/client.js?ver=0.0.86:1
[  499886ms] [ERROR] Failed to load resource: net::ERR_TIMED_OUT @ https://rt.marphezis.com/refresh?_cb=839812376455&reqn=10&tid=:0
[  499888ms] [ERROR] %cBidder Debug %cv0.0.86 color: #fff; background-color: #02224C; padding: 5px color: #fff; background-color: #0054c2; padding: 5px {error_type: fetch_refresh_error, message: Failed to fetch, pixel: KgAAETFPWFBQRVZYXHldUUMqGwEUKxZUAV8SB1ZecV9JVi5cU0…CVHhfU0h8WlBWdxcMUVtBAQ1LOB0dFS1UCAAjFgwVChsCHQk=} @ https://rt.marphezis.com/static/client.js?ver=0.0.86:1
[  539608ms] [ERROR] Failed to load resource: net::ERR_CONNECTION_TIMED_OUT @ https://rt.marphezis.com/mop?_bc=KgAAETFPWFBQRVZYXHldUUMqGwEUKxZUAV8SB1ZecV9JVi5cU0h3F1heRUwFXV1lXlIEfQ9TB3NKWVILUgEdAj8aARd1CgwXLR8MQQsbFgEZOhBZEDtPAAovEwAJVRMCFg4hHQ0AO0cHCi9UDRMRBAZSCS0aDxEnGUIMMR4GAFVERQAedQQFBicaQhU3EAADVUZSX1p5TxYAOR0dFX8aC0EbEREZMioAAFgqChYRbxgPDFlZU1pLPA4WFXVPEQwmLQsODEkAVlx7WFRXKkQAVHBCRFNeRFJCVHhfU0h8WlBWdxcMUVtBAQ1LOB0dFS1UCAAjFgwVChsCHQk=&tid=&tmul=1&ver=0.0.86&cb=1381449335637:0
[  574891ms] [ERROR] Failed to load resource: net::ERR_CONNECTION_TIMED_OUT @ https://rt.marphezis.com/client/logger:0
[  574893ms] TypeError: Failed to fetch
    at eval (eval at zb (:1:58747), <anonymous>:1:97051)
    at Object.error (https://rt.marphezis.com/static/client.js?ver=0.0.86:2:931)
    at l (https://rt.marphezis.com/static/client.js?ver=0.0.86:2:1238)
    at https://rt.marphezis.com/static/client.js?ver=0.0.86:6:2535
    at Generator.throw (<anonymous>)
    at o (https://rt.marphezis.com/static/client.js?ver=0.0.86:2:534)
[  600613ms] [ERROR] %cBidder Debug %cv0.0.86 color: #fff; background-color: #02224C; padding: 5px color: #fff; background-color: #0054c2; padding: 5px {error_type: confiant_obj_not_found, dpid: appnexus, pixel: KgAAETFPWFBQRVZYXHtYVkMqGwEUKxZUUQsRVVwIcFlJVngMUE…RTgACCAQsVAUBKhsNASUtCAM3FQcNCisFBgwmCgsLNhcHEzdF} @ https://rt.marphezis.com/static/client.js?ver=0.0.86:1
[  631135ms] [ERROR] %cBidder Debug %cv0.0.86 color: #fff; background-color: #02224C; padding: 5px color: #fff; background-color: #0054c2; padding: 5px {error_type: confiant_obj_not_found, dpid: appnexus, pixel: KgAAETFPWFBQRVZYXHtdV0MqGwEUKxZUBVgWBVpZeV5JAy0IAk…RTgACCAQsVAUBKhsNASUtCAM3FQcNCisFBgwmCgsLNhcHEzdF} @ https://rt.marphezis.com/static/client.js?ver=0.0.86:1
[  662011ms] [ERROR] %cBidder Debug %cv0.0.86 color: #fff; background-color: #02224C; padding: 5px color: #fff; background-color: #0054c2; padding: 5px {error_type: confiant_obj_not_found, dpid: appnexus, pixel: KgAAETFPWFBQRVZYXHteV0MqGwEUKxZUBVpCAFwMLApJVCkPUE…RTgACCAQsVAUBKhsNASUtCAM3FQcNCisFBgwmCgsLNhcHEzdF} @ https://rt.marphezis.com/static/client.js?ver=0.0.86:1
[ 1028447ms] [ERROR] %cBidder Debug %cv0.0.86 color: #fff; background-color: #02224C; padding: 5px color: #fff; background-color: #0054c2; padding: 5px {error_type: confiant_obj_not_found, dpid: openx, pixel: KgAAETFPWFBQRVZYXH9aXUMqGwEUKxZUVA1NW1wOeF5JUi1dBk…LPAgDDCxUBQEgAAADDysCCzIpDQYCKwUGDCwRBgkcEQ0bMnk=} @ https://rt.marphezis.com/static/client.js?ver=0.0.86:1
[ 1029108ms] [TIMEEND] a: 0.00390625 ms @ https://static.adsafeprotected.com/sca.17.6.4.js:31
[ 1559111ms] [ERROR] %cBidder Debug %cv0.0.86 color: #fff; background-color: #02224C; padding: 5px color: #fff; background-color: #0054c2; padding: 5px {error_type: confiant_obj_not_found, dpid: appnexusia, pixel: KgAAETFPWFBQRVZYX3peVEMqGwEUKxZUUg1DUFteLQhJAXhQU0…2Ew4ODEkCCw86AAACFwgAOiMWCwALGAEGAysGChEtBxA6cw==} @ https://rt.marphezis.com/static/client.js?ver=0.0.86:1
[ 1589590ms] [ERROR] %cBidder Debug %cv0.0.86 color: #fff; background-color: #02224C; padding: 5px color: #fff; background-color: #0054c2; padding: 5px {error_type: confiant_obj_not_found, dpid: appnexus, pixel: KgAAETFPWFBQRVZYX3tZVUMqGwEUKxZUVAxEUF1Ufl5JXSsPUU…XDgohDVkELAsWDCYVNgYMKwILDy8KCAchBwcKLAYMCRwrUg==} @ https://rt.marphezis.com/static/client.js?ver=0.0.86:1
[ 1660367ms] [ERROR] %cBidder Debug %cv0.0.86 color: #fff; background-color: #02224C; padding: 5px color: #fff; background-color: #0054c2; padding: 5px {error_type: confiant_obj_not_found, dpid: appnexus, pixel: KgAAETFPWFBQRVZYX3teVkMqGwEUKxZUUFpGUF8OcVtJUHgIAU…eTgACCAQsVAUBKhsNASUtCAM3FQcNCisFBgwmCgsLNhcHEzdF} @ https://rt.marphezis.com/static/client.js?ver=0.0.86:1
[ 1660653ms] [ERROR] Failed to load resource: net::ERR_NAME_NOT_RESOLVED @ https://s.thebrighttag.com/cs?tp=0WCbX0j&uid=ajCbCgAG1OEj2QAa:0
[ 1660697ms] [ERROR] Failed to load resource: net::ERR_NAME_NOT_RESOLVED @ https://sync.tidaltv.com/GenericUserSync.ashx?dpid=3129&id=ajCbCgAG1OEj2QAa:0
[ 1660699ms] [ERROR] Failed to load resource: net::ERR_NAME_NOT_RESOLVED @ https://cs.vdopia.com/bid?advid=1583&bcid=ajCbCgAG1OEj2QAa:0
[ 1660729ms] [ERROR] Failed to load resource: the server responded with a status of 404 () @ https://pixel.quantserve.com/seg/r;a=p-T1mksRPv1rGRh;rand=-4466119701528752834;redirecturl=https%3A%2F%2Frtd-tm.everesttech.net%2Fupi%2Fextseg%2Fpid%2FPYUnd1ve%3Fsid%3D!qcsegs:0
[ 1660733ms] [ERROR] Failed to load resource: net::ERR_NAME_NOT_RESOLVED @ https://sync.search.spotxchange.com/partner?adv_id=6409&uid=ajCbCgAG1OEj2QAa&img=1&gdpr=0&gdpr_consent=:0
[ 1776196ms] [WARNING] An iframe which has both allow-scripts and allow-same-origin for its sandbox attribute can escape its sandboxing. @ https://cadmus.script.ac/digg7anmcfked/script.js:0
