[     630ms] [WARNING] A parser-blocking, cross site (i.e. different eTLD+1) script, https://securepubads.g.doubleclick.net/pagead/managed/js/gpt/m202606110101/pubads_impl.js?cb=31099134, is invoked via document.write. The network request for this script MAY be blocked by the browser in this or a future page load due to poor network connectivity. If blocked in this page load, it will be confirmed in a subsequent console message. See https://www.chromestatus.com/feature/5718547946799104 for more details. @ https://securepubads.g.doubleclick.net/tag/js/gpt.js:10
[     630ms] [WARNING] A parser-blocking, cross site (i.e. different eTLD+1) script, https://securepubads.g.doubleclick.net/pagead/managed/js/gpt/m202606110101/pubads_impl.js?cb=31099134, is invoked via document.write. The network request for this script MAY be blocked by the browser in this or a future page load due to poor network connectivity. If blocked in this page load, it will be confirmed in a subsequent console message. See https://www.chromestatus.com/feature/5718547946799104 for more details. @ https://securepubads.g.doubleclick.net/tag/js/gpt.js:10
[    2207ms] [WARNING] [GPT] Using deprecated googletag.encryptedSignalProviders. Please use googletag.secureSignalProviders instead.
https://goo.gle/gpt-message#155 @ https://securepubads.g.doubleclick.net/pagead/managed/js/gpt/m202606110101/pubads_impl.js?cb=31099134:18
[    2221ms] [WARNING] [GPT] Using deprecated googletag.encryptedSignalProviders. Please use googletag.secureSignalProviders instead.
https://goo.gle/gpt-message#155 @ https://securepubads.g.doubleclick.net/pagead/managed/js/gpt/m202606110101/pubads_impl.js?cb=31099134:18
[    2250ms] [ERROR] Failed to load resource: the server responded with a status of 400 () @ https://ups.analytics.yahoo.com/ups/58813/fed?gpp=DBAA&gpp_sid=-1&gdpr=false&v=1&url=https%3A%2F%2Fnewyork.gaycities.com%2Fbars%2F:0
[    2285ms] [WARNING] [GPT] Using deprecated googletag.encryptedSignalProviders. Please use googletag.secureSignalProviders instead.
https://goo.gle/gpt-message#155 @ https://securepubads.g.doubleclick.net/pagead/managed/js/gpt/m202606110101/pubads_impl.js?cb=31099134:18
[    2805ms] [ERROR] Failed to load resource: the server responded with a status of 424 (Failed Dependency) @ https://t.adx.opera.com/pub/sync?pubid=pub10101531197440&gdpr=1&gdpr_consent=:0
[    3071ms] [ERROR] Failed to load resource: the server responded with a status of 400 () @ https://eb2.3lift.com/getuid?gdpr=0&gdpr_consent=&redir=https%3A%2F%2Fvisitor.us-east4.gcp.omnitagjs.com%2Fvisitor%2Fsync%3Fgdpr%3D0%26gdpr_consent%3D%26is_cookie_sync_uid%3D1%26name%3DTRIPLELIFT_cookie_sync%26ttl%3D720%26uid%3D771bebe2d6221e9ca65e16ebf8d2f6f3%26visitor%3D%24UID:0
[    2805ms] [ERROR] Failed to load resource: the server responded with a status of 424 (Failed Dependency) @ https://t.adx.opera.com/pub/sync?pubid=pub10101531197440&gdpr=1&gdpr_consent=:0
[    3088ms] [ERROR] Failed to load resource: net::ERR_NAME_NOT_RESOLVED @ https://test.com/?coppa=&gdpr=0&gdpr_consent=&gpp=&gpp_sid=&usp=:0
[    3125ms] [ERROR] Failed to load resource: the server responded with a status of 404 (Not Found) @ https://csync.copper6.com/f3c49daf592d06bab39258cac72c0de9.gif?gdpr=0&gdpr_consent=&redir=https%3A%2F%2Fvisitor.us-east4.gcp.omnitagjs.com%2Fvisitor%2Fsync%3Fgdpr%3D0%26gdpr_consent%3D%26is_cookie_sync_uid%3D1%26name%3DCOPPER6_APP_cookie_sync%26ttl%3D720%26uid%3D123285a4642e0170ed8b35a36075585%26visitor%3D%5BUID%5D:0
[    2805ms] [ERROR] Failed to load resource: the server responded with a status of 424 (Failed Dependency) @ https://t.adx.opera.com/pub/sync?pubid=pub10101531197440&gdpr=1&gdpr_consent=:0
[    2805ms] [ERROR] Failed to load resource: the server responded with a status of 424 (Failed Dependency) @ https://t.adx.opera.com/pub/sync?pubid=pub10101531197440&gdpr=1&gdpr_consent=:0
[    2805ms] [ERROR] Failed to load resource: the server responded with a status of 424 (Failed Dependency) @ https://t.adx.opera.com/pub/sync?pubid=pub10101531197440&gdpr=1&gdpr_consent=:0
[    3511ms] [ERROR] Failed to load resource: the server responded with a status of 404 (Not Found) @ https://csync.copper6.com/3ccb4268afab0c2b1373a8a8fdc5011f.gif?coppa=%5BCOPPA%5D&gdpr=0&gdpr_consent=%5BGDPR_CONSENT%5D&gpp=%5BGPP%5D&gpp_sid=%5BGPP_SID%5D&redir=https%3A%2F%2Fcs.openwebmp.com%2Fcs%3Ffwrd%3D1%26aid%3D40040%26puid%3D%5BUID%5D:0
[    3511ms] [ERROR] Failed to load resource: the server responded with a status of 404 (Not Found) @ https://csync.copper6.com/3ccb4268afab0c2b1373a8a8fdc5011f.gif?coppa=%5BCOPPA%5D&gdpr=0&gdpr_consent=%5BGDPR_CONSENT%5D&gpp=%5BGPP%5D&gpp_sid=%5BGPP_SID%5D&redir=https%3A%2F%2Fcs.openwebmp.com%2Fcs%3Ffwrd%3D1%26aid%3D40040%26puid%3D%5BUID%5D:0
[    2805ms] [ERROR] Failed to load resource: the server responded with a status of 424 (Failed Dependency) @ https://t.adx.opera.com/pub/sync?pubid=pub10101531197440&gdpr=1&gdpr_consent=:0
[    3645ms] [ERROR] Failed to load resource: net::ERR_NAME_NOT_RESOLVED @ https://cs.iqzone.com/570908b7e92df631fee32098aa272f7b.gif?puid=2o0nL2owmwkR0rYYEHW2Ug%3D%3D&gdpr=&gdpr_consent=&ccpa=&coppa=&redir=https%3A%2F%2Fssc-cms.33across.com%2Fps%2F%3Fxi%3D145%26ts%3D1781570313715.6%26us_privacy%3D%26xu%3D%5BUID%5D%26gpp_sid%3D%26gpp%3D:0
[    3645ms] [ERROR] Failed to load resource: net::ERR_NAME_NOT_RESOLVED @ https://cs.iqzone.com/570908b7e92df631fee32098aa272f7b.gif?puid=2o0nL2owmwkR0rYYEHW2Ug%3D%3D&gdpr=&gdpr_consent=&ccpa=&coppa=&redir=https%3A%2F%2Fssc-cms.33across.com%2Fps%2F%3Fxi%3D145%26ts%3D1781570313785.6%26us_privacy%3D%26xu%3D%5BUID%5D%26gpp_sid%3D%26gpp%3D:0
[    3071ms] [ERROR] Failed to load resource: the server responded with a status of 400 () @ https://eb2.3lift.com/getuid?gdpr=0&gdpr_consent=&redir=https%3A%2F%2Fvisitor.us-east4.gcp.omnitagjs.com%2Fvisitor%2Fsync%3Fgdpr%3D0%26gdpr_consent%3D%26is_cookie_sync_uid%3D1%26name%3DTRIPLELIFT_cookie_sync%26ttl%3D720%26uid%3D771bebe2d6221e9ca65e16ebf8d2f6f3%26visitor%3D%24UID:0
[    3088ms] [ERROR] Failed to load resource: net::ERR_NAME_NOT_RESOLVED @ https://test.com/?coppa=&gdpr=0&gdpr_consent=&gpp=&gpp_sid=&usp=:0
[    3125ms] [ERROR] Failed to load resource: the server responded with a status of 404 (Not Found) @ https://csync.copper6.com/f3c49daf592d06bab39258cac72c0de9.gif?gdpr=0&gdpr_consent=&redir=https%3A%2F%2Fvisitor.us-east4.gcp.omnitagjs.com%2Fvisitor%2Fsync%3Fgdpr%3D0%26gdpr_consent%3D%26is_cookie_sync_uid%3D1%26name%3DCOPPER6_APP_cookie_sync%26ttl%3D720%26uid%3D123285a4642e0170ed8b35a36075585%26visitor%3D%5BUID%5D:0
[    3653ms] [ERROR] Failed to load resource: the server responded with a status of 404 (Not Found) @ https://csync.copper6.com/3ccb4268afab0c2b1373a8a8fdc5011f.gif?coppa=%5BCOPPA%5D&gdpr=0&gdpr_consent=%5BGDPR_CONSENT%5D&gpp=%5BGPP%5D&gpp_sid=%5BGPP_SID%5D&redir=https%3A%2F%2Fcs.openwebmp.com%2Fcs%3Ffwrd%3D1%26aid%3D40040%26puid%3D%5BUID%5D:0
[    2805ms] [ERROR] Failed to load resource: the server responded with a status of 424 (Failed Dependency) @ https://t.adx.opera.com/pub/sync?pubid=pub10101531197440&gdpr=1&gdpr_consent=:0
[    3071ms] [ERROR] Failed to load resource: the server responded with a status of 400 () @ https://eb2.3lift.com/getuid?gdpr=0&gdpr_consent=&redir=https%3A%2F%2Fvisitor.us-east4.gcp.omnitagjs.com%2Fvisitor%2Fsync%3Fgdpr%3D0%26gdpr_consent%3D%26is_cookie_sync_uid%3D1%26name%3DTRIPLELIFT_cookie_sync%26ttl%3D720%26uid%3D771bebe2d6221e9ca65e16ebf8d2f6f3%26visitor%3D%24UID:0
[    3088ms] [ERROR] Failed to load resource: net::ERR_NAME_NOT_RESOLVED @ https://test.com/?coppa=&gdpr=0&gdpr_consent=&gpp=&gpp_sid=&usp=:0
[    3125ms] [ERROR] Failed to load resource: the server responded with a status of 404 (Not Found) @ https://csync.copper6.com/f3c49daf592d06bab39258cac72c0de9.gif?gdpr=0&gdpr_consent=&redir=https%3A%2F%2Fvisitor.us-east4.gcp.omnitagjs.com%2Fvisitor%2Fsync%3Fgdpr%3D0%26gdpr_consent%3D%26is_cookie_sync_uid%3D1%26name%3DCOPPER6_APP_cookie_sync%26ttl%3D720%26uid%3D123285a4642e0170ed8b35a36075585%26visitor%3D%5BUID%5D:0
[    3645ms] [ERROR] Failed to load resource: net::ERR_NAME_NOT_RESOLVED @ https://cs.iqzone.com/570908b7e92df631fee32098aa272f7b.gif?puid=2o0nL2owmwkR0rYYEHW2Ug%3D%3D&gdpr=&gdpr_consent=&ccpa=&coppa=&redir=https%3A%2F%2Fssc-cms.33across.com%2Fps%2F%3Fxi%3D145%26ts%3D1781570313715.6%26us_privacy%3D%26xu%3D%5BUID%5D%26gpp_sid%3D%26gpp%3D:0
[    3645ms] [ERROR] Failed to load resource: net::ERR_NAME_NOT_RESOLVED @ https://cs.iqzone.com/570908b7e92df631fee32098aa272f7b.gif?puid=2o0nL2owmwkR0rYYEHW2Ug%3D%3D&gdpr=&gdpr_consent=&ccpa=&coppa=&redir=https%3A%2F%2Fssc-cms.33across.com%2Fps%2F%3Fxi%3D145%26ts%3D1781570313785.6%26us_privacy%3D%26xu%3D%5BUID%5D%26gpp_sid%3D%26gpp%3D:0
[    3645ms] [ERROR] Failed to load resource: net::ERR_NAME_NOT_RESOLVED @ https://cs.iqzone.com/570908b7e92df631fee32098aa272f7b.gif?puid=2o0nL2owmwkR0rYYEHW2Ug%3D%3D&gdpr=&gdpr_consent=&ccpa=&coppa=&redir=https%3A%2F%2Fssc-cms.33across.com%2Fps%2F%3Fxi%3D145%26ts%3D1781570313715.6%26us_privacy%3D%26xu%3D%5BUID%5D%26gpp_sid%3D%26gpp%3D:0
[    3645ms] [ERROR] Failed to load resource: net::ERR_NAME_NOT_RESOLVED @ https://cs.iqzone.com/570908b7e92df631fee32098aa272f7b.gif?puid=2o0nL2owmwkR0rYYEHW2Ug%3D%3D&gdpr=&gdpr_consent=&ccpa=&coppa=&redir=https%3A%2F%2Fssc-cms.33across.com%2Fps%2F%3Fxi%3D145%26ts%3D1781570313785.6%26us_privacy%3D%26xu%3D%5BUID%5D%26gpp_sid%3D%26gpp%3D:0
[    2805ms] [ERROR] Failed to load resource: the server responded with a status of 424 (Failed Dependency) @ https://t.adx.opera.com/pub/sync?pubid=pub10101531197440&gdpr=1&gdpr_consent=:0
[    2805ms] [ERROR] Failed to load resource: the server responded with a status of 424 (Failed Dependency) @ https://t.adx.opera.com/pub/sync?pubid=pub10101531197440&gdpr=1&gdpr_consent=:0
[    3071ms] [ERROR] Failed to load resource: the server responded with a status of 400 () @ https://eb2.3lift.com/getuid?gdpr=0&gdpr_consent=&redir=https%3A%2F%2Fvisitor.us-east4.gcp.omnitagjs.com%2Fvisitor%2Fsync%3Fgdpr%3D0%26gdpr_consent%3D%26is_cookie_sync_uid%3D1%26name%3DTRIPLELIFT_cookie_sync%26ttl%3D720%26uid%3D771bebe2d6221e9ca65e16ebf8d2f6f3%26visitor%3D%24UID:0
[    3088ms] [ERROR] Failed to load resource: net::ERR_NAME_NOT_RESOLVED @ https://test.com/?coppa=&gdpr=0&gdpr_consent=&gpp=&gpp_sid=&usp=:0
[    3125ms] [ERROR] Failed to load resource: the server responded with a status of 404 (Not Found) @ https://csync.copper6.com/f3c49daf592d06bab39258cac72c0de9.gif?gdpr=0&gdpr_consent=&redir=https%3A%2F%2Fvisitor.us-east4.gcp.omnitagjs.com%2Fvisitor%2Fsync%3Fgdpr%3D0%26gdpr_consent%3D%26is_cookie_sync_uid%3D1%26name%3DCOPPER6_APP_cookie_sync%26ttl%3D720%26uid%3D123285a4642e0170ed8b35a36075585%26visitor%3D%5BUID%5D:0
[    4169ms] [WARNING] [GPT] Slot.updateTargetingFromMap is deprecated, use Slot.setConfig({targeting: ...}) instead.
https://goo.gle/gpt-message#171 @ https://securepubads.g.doubleclick.net/pagead/managed/js/gpt/m202606110101/pubads_impl.js?cb=31099134:18
[    2805ms] [ERROR] Failed to load resource: the server responded with a status of 424 (Failed Dependency) @ https://t.adx.opera.com/pub/sync?pubid=pub10101531197440&gdpr=1&gdpr_consent=:0
[    3071ms] [ERROR] Failed to load resource: the server responded with a status of 400 () @ https://eb2.3lift.com/getuid?gdpr=0&gdpr_consent=&redir=https%3A%2F%2Fvisitor.us-east4.gcp.omnitagjs.com%2Fvisitor%2Fsync%3Fgdpr%3D0%26gdpr_consent%3D%26is_cookie_sync_uid%3D1%26name%3DTRIPLELIFT_cookie_sync%26ttl%3D720%26uid%3D771bebe2d6221e9ca65e16ebf8d2f6f3%26visitor%3D%24UID:0
[    3088ms] [ERROR] Failed to load resource: net::ERR_NAME_NOT_RESOLVED @ https://test.com/?coppa=&gdpr=0&gdpr_consent=&gpp=&gpp_sid=&usp=:0
[    3125ms] [ERROR] Failed to load resource: the server responded with a status of 404 (Not Found) @ https://csync.copper6.com/f3c49daf592d06bab39258cac72c0de9.gif?gdpr=0&gdpr_consent=&redir=https%3A%2F%2Fvisitor.us-east4.gcp.omnitagjs.com%2Fvisitor%2Fsync%3Fgdpr%3D0%26gdpr_consent%3D%26is_cookie_sync_uid%3D1%26name%3DCOPPER6_APP_cookie_sync%26ttl%3D720%26uid%3D123285a4642e0170ed8b35a36075585%26visitor%3D%5BUID%5D:0
[    4556ms] [ERROR] Failed to load resource: the server responded with a status of 404 () @ https://id5-sync.com/k/1364.gif?TruAudienceID=E1:ssuGof4wSS01MWUVPiGRAbuAWV81jGaReBTOrBEqWhcYHvpA1o38m7HyqfHMGpXWm4CHdJ3LI8rREJAEAUC-lFOjL6EDOtIXwHzNlfj6WJs:0
[    4560ms] [ERROR] Failed to load resource: net::ERR_NAME_NOT_RESOLVED @ https://px.owneriq.net/eox?gdpr=0&gdpr_consent=%5BGDPR_CONSENT%5D:0
[    4562ms] [ERROR] Failed to load resource: the server responded with a status of 424 (Failed Dependency) @ https://t.adx.opera.com/pub/sync?pubid=pub10101531197440&gdpr=1&gdpr_consent=:0
[    4556ms] [ERROR] Failed to load resource: the server responded with a status of 404 () @ https://id5-sync.com/k/1364.gif?TruAudienceID=E1:ssuGof4wSS01MWUVPiGRAbuAWV81jGaReBTOrBEqWhcYHvpA1o38m7HyqfHMGpXWm4CHdJ3LI8rREJAEAUC-lFOjL6EDOtIXwHzNlfj6WJs:0
[    4560ms] [ERROR] Failed to load resource: net::ERR_NAME_NOT_RESOLVED @ https://px.owneriq.net/eox?gdpr=0&gdpr_consent=%5BGDPR_CONSENT%5D:0
[    2805ms] [ERROR] Failed to load resource: the server responded with a status of 424 (Failed Dependency) @ https://t.adx.opera.com/pub/sync?pubid=pub10101531197440&gdpr=1&gdpr_consent=:0
[    4562ms] [ERROR] Failed to load resource: the server responded with a status of 424 (Failed Dependency) @ https://t.adx.opera.com/pub/sync?pubid=pub10101531197440&gdpr=1&gdpr_consent=:0
[    3071ms] [ERROR] Failed to load resource: the server responded with a status of 400 () @ https://eb2.3lift.com/getuid?gdpr=0&gdpr_consent=&redir=https%3A%2F%2Fvisitor.us-east4.gcp.omnitagjs.com%2Fvisitor%2Fsync%3Fgdpr%3D0%26gdpr_consent%3D%26is_cookie_sync_uid%3D1%26name%3DTRIPLELIFT_cookie_sync%26ttl%3D720%26uid%3D771bebe2d6221e9ca65e16ebf8d2f6f3%26visitor%3D%24UID:0
[    3088ms] [ERROR] Failed to load resource: net::ERR_NAME_NOT_RESOLVED @ https://test.com/?coppa=&gdpr=0&gdpr_consent=&gpp=&gpp_sid=&usp=:0
[    3125ms] [ERROR] Failed to load resource: the server responded with a status of 404 (Not Found) @ https://csync.copper6.com/f3c49daf592d06bab39258cac72c0de9.gif?gdpr=0&gdpr_consent=&redir=https%3A%2F%2Fvisitor.us-east4.gcp.omnitagjs.com%2Fvisitor%2Fsync%3Fgdpr%3D0%26gdpr_consent%3D%26is_cookie_sync_uid%3D1%26name%3DCOPPER6_APP_cookie_sync%26ttl%3D720%26uid%3D123285a4642e0170ed8b35a36075585%26visitor%3D%5BUID%5D:0
[    4793ms] [ERROR] Failed to load resource: the server responded with a status of 400 () @ https://eb2.3lift.com/getuid?gdpr=0&gdpr_consent=&redir=https%3A%2F%2Fvisitor.us-east4.gcp.omnitagjs.com%2Fvisitor%2Fsync%3Fgdpr%3D0%26gdpr_consent%3D%26is_cookie_sync_uid%3D1%26name%3DTRIPLELIFT_cookie_sync%26ttl%3D720%26uid%3D771bebe2d6221e9ca65e16ebf8d2f6f3%26visitor%3D%24UID:0
[    4796ms] [ERROR] Failed to load resource: net::ERR_NAME_NOT_RESOLVED @ https://test.com/?coppa=&gdpr=0&gdpr_consent=&gpp=&gpp_sid=&usp=:0
[    4800ms] [ERROR] Failed to load resource: the server responded with a status of 404 (Not Found) @ https://csync.copper6.com/f3c49daf592d06bab39258cac72c0de9.gif?gdpr=0&gdpr_consent=&redir=https%3A%2F%2Fvisitor.us-east4.gcp.omnitagjs.com%2Fvisitor%2Fsync%3Fgdpr%3D0%26gdpr_consent%3D%26is_cookie_sync_uid%3D1%26name%3DCOPPER6_APP_cookie_sync%26ttl%3D720%26uid%3D123285a4642e0170ed8b35a36075585%26visitor%3D%5BUID%5D:0
[    2805ms] [ERROR] Failed to load resource: the server responded with a status of 424 (Failed Dependency) @ https://t.adx.opera.com/pub/sync?pubid=pub10101531197440&gdpr=1&gdpr_consent=:0
[    4562ms] [ERROR] Failed to load resource: the server responded with a status of 424 (Failed Dependency) @ https://t.adx.opera.com/pub/sync?pubid=pub10101531197440&gdpr=1&gdpr_consent=:0
[    3511ms] [ERROR] Failed to load resource: the server responded with a status of 404 (Not Found) @ https://csync.copper6.com/3ccb4268afab0c2b1373a8a8fdc5011f.gif?coppa=%5BCOPPA%5D&gdpr=0&gdpr_consent=%5BGDPR_CONSENT%5D&gpp=%5BGPP%5D&gpp_sid=%5BGPP_SID%5D&redir=https%3A%2F%2Fcs.openwebmp.com%2Fcs%3Ffwrd%3D1%26aid%3D40040%26puid%3D%5BUID%5D:0
[    3653ms] [ERROR] Failed to load resource: the server responded with a status of 404 (Not Found) @ https://csync.copper6.com/3ccb4268afab0c2b1373a8a8fdc5011f.gif?coppa=%5BCOPPA%5D&gdpr=0&gdpr_consent=%5BGDPR_CONSENT%5D&gpp=%5BGPP%5D&gpp_sid=%5BGPP_SID%5D&redir=https%3A%2F%2Fcs.openwebmp.com%2Fcs%3Ffwrd%3D1%26aid%3D40040%26puid%3D%5BUID%5D:0
[    3645ms] [ERROR] Failed to load resource: net::ERR_NAME_NOT_RESOLVED @ https://cs.iqzone.com/570908b7e92df631fee32098aa272f7b.gif?puid=2o0nL2owmwkR0rYYEHW2Ug%3D%3D&gdpr=&gdpr_consent=&ccpa=&coppa=&redir=https%3A%2F%2Fssc-cms.33across.com%2Fps%2F%3Fxi%3D145%26ts%3D1781570313715.6%26us_privacy%3D%26xu%3D%5BUID%5D%26gpp_sid%3D%26gpp%3D:0
[    3645ms] [ERROR] Failed to load resource: net::ERR_NAME_NOT_RESOLVED @ https://cs.iqzone.com/570908b7e92df631fee32098aa272f7b.gif?puid=2o0nL2owmwkR0rYYEHW2Ug%3D%3D&gdpr=&gdpr_consent=&ccpa=&coppa=&redir=https%3A%2F%2Fssc-cms.33across.com%2Fps%2F%3Fxi%3D145%26ts%3D1781570313785.6%26us_privacy%3D%26xu%3D%5BUID%5D%26gpp_sid%3D%26gpp%3D:0
[    4918ms] [ERROR] Failed to load resource: the server responded with a status of 404 (Not Found) @ https://csync.copper6.com/3ccb4268afab0c2b1373a8a8fdc5011f.gif?coppa=%5BCOPPA%5D&gdpr=0&gdpr_consent=%5BGDPR_CONSENT%5D&gpp=%5BGPP%5D&gpp_sid=%5BGPP_SID%5D&redir=https%3A%2F%2Fcs.openwebmp.com%2Fcs%3Ffwrd%3D1%26aid%3D40040%26puid%3D%5BUID%5D:0
[    2805ms] [ERROR] Failed to load resource: the server responded with a status of 424 (Failed Dependency) @ https://t.adx.opera.com/pub/sync?pubid=pub10101531197440&gdpr=1&gdpr_consent=:0
[    4562ms] [ERROR] Failed to load resource: the server responded with a status of 424 (Failed Dependency) @ https://t.adx.opera.com/pub/sync?pubid=pub10101531197440&gdpr=1&gdpr_consent=:0
[    2805ms] [ERROR] Failed to load resource: the server responded with a status of 424 (Failed Dependency) @ https://t.adx.opera.com/pub/sync?pubid=pub10101531197440&gdpr=1&gdpr_consent=:0
[    4562ms] [ERROR] Failed to load resource: the server responded with a status of 424 (Failed Dependency) @ https://t.adx.opera.com/pub/sync?pubid=pub10101531197440&gdpr=1&gdpr_consent=:0
[    3511ms] [ERROR] Failed to load resource: the server responded with a status of 404 (Not Found) @ https://csync.copper6.com/3ccb4268afab0c2b1373a8a8fdc5011f.gif?coppa=%5BCOPPA%5D&gdpr=0&gdpr_consent=%5BGDPR_CONSENT%5D&gpp=%5BGPP%5D&gpp_sid=%5BGPP_SID%5D&redir=https%3A%2F%2Fcs.openwebmp.com%2Fcs%3Ffwrd%3D1%26aid%3D40040%26puid%3D%5BUID%5D:0
[    3653ms] [ERROR] Failed to load resource: the server responded with a status of 404 (Not Found) @ https://csync.copper6.com/3ccb4268afab0c2b1373a8a8fdc5011f.gif?coppa=%5BCOPPA%5D&gdpr=0&gdpr_consent=%5BGDPR_CONSENT%5D&gpp=%5BGPP%5D&gpp_sid=%5BGPP_SID%5D&redir=https%3A%2F%2Fcs.openwebmp.com%2Fcs%3Ffwrd%3D1%26aid%3D40040%26puid%3D%5BUID%5D:0
[    4918ms] [ERROR] Failed to load resource: the server responded with a status of 404 (Not Found) @ https://csync.copper6.com/3ccb4268afab0c2b1373a8a8fdc5011f.gif?coppa=%5BCOPPA%5D&gdpr=0&gdpr_consent=%5BGDPR_CONSENT%5D&gpp=%5BGPP%5D&gpp_sid=%5BGPP_SID%5D&redir=https%3A%2F%2Fcs.openwebmp.com%2Fcs%3Ffwrd%3D1%26aid%3D40040%26puid%3D%5BUID%5D:0
[    5091ms] [ERROR] Failed to load resource: the server responded with a status of 404 (Not Found) @ https://csync.copper6.com/3ccb4268afab0c2b1373a8a8fdc5011f.gif?coppa=%5BCOPPA%5D&gdpr=0&gdpr_consent=%5BGDPR_CONSENT%5D&gpp=%5BGPP%5D&gpp_sid=%5BGPP_SID%5D&redir=https%3A%2F%2Fcs.openwebmp.com%2Fcs%3Ffwrd%3D1%26aid%3D40040%26puid%3D%5BUID%5D:0
[    3645ms] [ERROR] Failed to load resource: net::ERR_NAME_NOT_RESOLVED @ https://cs.iqzone.com/570908b7e92df631fee32098aa272f7b.gif?puid=2o0nL2owmwkR0rYYEHW2Ug%3D%3D&gdpr=&gdpr_consent=&ccpa=&coppa=&redir=https%3A%2F%2Fssc-cms.33across.com%2Fps%2F%3Fxi%3D145%26ts%3D1781570313715.6%26us_privacy%3D%26xu%3D%5BUID%5D%26gpp_sid%3D%26gpp%3D:0
[    3645ms] [ERROR] Failed to load resource: net::ERR_NAME_NOT_RESOLVED @ https://cs.iqzone.com/570908b7e92df631fee32098aa272f7b.gif?puid=2o0nL2owmwkR0rYYEHW2Ug%3D%3D&gdpr=&gdpr_consent=&ccpa=&coppa=&redir=https%3A%2F%2Fssc-cms.33across.com%2Fps%2F%3Fxi%3D145%26ts%3D1781570313785.6%26us_privacy%3D%26xu%3D%5BUID%5D%26gpp_sid%3D%26gpp%3D:0
[    2805ms] [ERROR] Failed to load resource: the server responded with a status of 424 (Failed Dependency) @ https://t.adx.opera.com/pub/sync?pubid=pub10101531197440&gdpr=1&gdpr_consent=:0
[    4562ms] [ERROR] Failed to load resource: the server responded with a status of 424 (Failed Dependency) @ https://t.adx.opera.com/pub/sync?pubid=pub10101531197440&gdpr=1&gdpr_consent=:0
[    5228ms] [ERROR] Mixed Content: The page at 'https://newyork.gaycities.com/bars/' was loaded over HTTPS, but requested an insecure frame 'http://sync.pmbmonetize.live/psync?t=s&e=247&gdpr=0&gdpr_consent=&us_privacy=&gpp=&gpp_sid=&cb=https%3A%2F%2Fcookies.nextmillmedia.com%2Fsetuid%3Fbidder%3Dadipolo%26nmuid%3D%26gdpr%3D0%26gdpr_consent%3D%26us_privacy%3D%26uid%3D%25USER_ID%25'. This request has been blocked; the content must be served over HTTPS. @ https://cookies.nextmillmedia.com/sync?gdpr=0&gdpr_consent=&us_privacy=&redirect=https%3A%2F%2Fsync.cootlogix.com%2Fapi%2Fcookie%3FpartnerId%3Dnextmillmedia%26userId%3D%5BNMUID%5D%26gdpr%3D0%26gdpr_consent%3D%26us_privacy%3D:42
[    4556ms] [ERROR] Failed to load resource: the server responded with a status of 404 () @ https://id5-sync.com/k/1364.gif?TruAudienceID=E1:ssuGof4wSS01MWUVPiGRAbuAWV81jGaReBTOrBEqWhcYHvpA1o38m7HyqfHMGpXWm4CHdJ3LI8rREJAEAUC-lFOjL6EDOtIXwHzNlfj6WJs:0
[    4560ms] [ERROR] Failed to load resource: net::ERR_NAME_NOT_RESOLVED @ https://px.owneriq.net/eox?gdpr=0&gdpr_consent=%5BGDPR_CONSENT%5D:0
[    4556ms] [ERROR] Failed to load resource: the server responded with a status of 404 () @ https://id5-sync.com/k/1364.gif?TruAudienceID=E1:ssuGof4wSS01MWUVPiGRAbuAWV81jGaReBTOrBEqWhcYHvpA1o38m7HyqfHMGpXWm4CHdJ3LI8rREJAEAUC-lFOjL6EDOtIXwHzNlfj6WJs:0
[    4560ms] [ERROR] Failed to load resource: net::ERR_NAME_NOT_RESOLVED @ https://px.owneriq.net/eox?gdpr=0&gdpr_consent=%5BGDPR_CONSENT%5D:0
[    5323ms] [ERROR] Failed to load resource: net::ERR_NAME_NOT_RESOLVED @ https://usermatch.krxd.net/um/v2?partner=tapad:0
[    3645ms] [ERROR] Failed to load resource: net::ERR_NAME_NOT_RESOLVED @ https://cs.iqzone.com/570908b7e92df631fee32098aa272f7b.gif?puid=2o0nL2owmwkR0rYYEHW2Ug%3D%3D&gdpr=&gdpr_consent=&ccpa=&coppa=&redir=https%3A%2F%2Fssc-cms.33across.com%2Fps%2F%3Fxi%3D145%26ts%3D1781570313715.6%26us_privacy%3D%26xu%3D%5BUID%5D%26gpp_sid%3D%26gpp%3D:0
[    3645ms] [ERROR] Failed to load resource: net::ERR_NAME_NOT_RESOLVED @ https://cs.iqzone.com/570908b7e92df631fee32098aa272f7b.gif?puid=2o0nL2owmwkR0rYYEHW2Ug%3D%3D&gdpr=&gdpr_consent=&ccpa=&coppa=&redir=https%3A%2F%2Fssc-cms.33across.com%2Fps%2F%3Fxi%3D145%26ts%3D1781570313785.6%26us_privacy%3D%26xu%3D%5BUID%5D%26gpp_sid%3D%26gpp%3D:0
[    5323ms] [ERROR] Failed to load resource: net::ERR_NAME_NOT_RESOLVED @ https://usermatch.krxd.net/um/v2?partner=tapad:0
[    5412ms] [ERROR] Failed to load resource: net::ERR_NAME_NOT_RESOLVED @ https://cs.iqzone.com/6f0476ca45e1d6b67e3ee8d57532a022.gif?redir=https%3A%2F%2Fsync.cootlogix.com%2Fapi%2Fcookie%3FpartnerId%3Diqzone%26gdpr%3D0%26gdpr_consent%3D%26us_privacy%3D%26userId%3D%5BUID%5D&gdpr=0&gdpr_consent=&ccpa=:0
[    2805ms] [ERROR] Failed to load resource: the server responded with a status of 424 (Failed Dependency) @ https://t.adx.opera.com/pub/sync?pubid=pub10101531197440&gdpr=1&gdpr_consent=:0
[    4562ms] [ERROR] Failed to load resource: the server responded with a status of 424 (Failed Dependency) @ https://t.adx.opera.com/pub/sync?pubid=pub10101531197440&gdpr=1&gdpr_consent=:0
[    5542ms] [ERROR] Failed to load resource: the server responded with a status of 404 () @ https://cs.admanmedia.com/292deb7c3c2bf25073c04bb900f3a44a.gif??gdpr=0&gdpr_consent=&us_privacy=&redir=https%3A%2F%2Fcookies.nextmillmedia.com%2Fsetuid%3Fbidder%3Dadmanmedia%26nmuid%3D%26gdpr%3D0%26gdpr_consent%3D%26us_privacy%3D%26uid%3D%5BUID%5D:0
[    4556ms] [ERROR] Failed to load resource: the server responded with a status of 404 () @ https://id5-sync.com/k/1364.gif?TruAudienceID=E1:ssuGof4wSS01MWUVPiGRAbuAWV81jGaReBTOrBEqWhcYHvpA1o38m7HyqfHMGpXWm4CHdJ3LI8rREJAEAUC-lFOjL6EDOtIXwHzNlfj6WJs:0
[    4560ms] [ERROR] Failed to load resource: net::ERR_NAME_NOT_RESOLVED @ https://px.owneriq.net/eox?gdpr=0&gdpr_consent=%5BGDPR_CONSENT%5D:0
[    5573ms] [ERROR] Failed to load resource: the server responded with a status of 404 (Not Found) @ https://us4.shb-sync.com/a760a5a7-e35e-49b8-9f5e-723455346741.gif?puid=4aaf3224-1fc4-a5cb-ac09-4a4defa1ba76&gdpr=0&gdpr_consent=0ccpa=:0
[    5629ms] [ERROR] Failed to load resource: the server responded with a status of 404 () @ https://sync.crwdcntrl.net/qmap?c=2700&tp=UNDR&gdpr=&gdpr_consent=&tpid=de4yyzhblp1g97x774iyooqay:0
[    5634ms] [ERROR] Failed to load resource: net::ERR_TOO_MANY_REDIRECTS @ https://ce.lijit.com/merge?pid=58&3pid=6F413B33-4FEC-4D6D-81A9-784D159A3637&us_privacy=&gdpr=0&gdpr_consent=&location=https%3A%2F%2Fid5-sync.com%2Fc%2F1854%2F1242%2F0%2F10.gif%3Fpuid%3D%5BSOVRNID%5D%26gdpr%3D0%26gdpr_consent%3D&s=id5:0
[    5644ms] [ERROR] Failed to load resource: net::ERR_NAME_NOT_RESOLVED @ https://visitor-rtbmix.omnitagjs.com/visitor/bsync?uid=681194867b1fea57a9aee256eb5ea0a7&name=gen01&url=https%3A%2F%2Fsync.adtech.ink%2Fpsync%3Ft%3Dd%26e%3D103%26u%3DPARTNER_USER_ID%26clp%3DaHR0cHM6Ly9zeW5jLmNvb3Rsb2dpeC5jb20vYXBpL2Nvb2tpZT9wYXJ0bmVySWQ9YWRpc29udHYmdXNlcklkPSVVU0VSX0lEJSZnZHByPTAmZ2Rwcl9jb25zZW50PSZ1c19wcml2YWN5PQ:0
[    2805ms] [ERROR] Failed to load resource: the server responded with a status of 424 (Failed Dependency) @ https://t.adx.opera.com/pub/sync?pubid=pub10101531197440&gdpr=1&gdpr_consent=:0
[    4562ms] [ERROR] Failed to load resource: the server responded with a status of 424 (Failed Dependency) @ https://t.adx.opera.com/pub/sync?pubid=pub10101531197440&gdpr=1&gdpr_consent=:0
[    5228ms] [ERROR] Mixed Content: The page at 'https://newyork.gaycities.com/bars/' was loaded over HTTPS, but requested an insecure frame 'http://sync.pmbmonetize.live/psync?t=s&e=247&gdpr=0&gdpr_consent=&us_privacy=&gpp=&gpp_sid=&cb=https%3A%2F%2Fcookies.nextmillmedia.com%2Fsetuid%3Fbidder%3Dadipolo%26nmuid%3D%26gdpr%3D0%26gdpr_consent%3D%26us_privacy%3D%26uid%3D%25USER_ID%25'. This request has been blocked; the content must be served over HTTPS. @ https://cookies.nextmillmedia.com/sync?gdpr=0&gdpr_consent=&us_privacy=&redirect=https%3A%2F%2Fsync.cootlogix.com%2Fapi%2Fcookie%3FpartnerId%3Dnextmillmedia%26userId%3D%5BNMUID%5D%26gdpr%3D0%26gdpr_consent%3D%26us_privacy%3D:42
[    5818ms] [ERROR] Failed to load resource: the server responded with a status of 424 (Failed Dependency) @ https://t.adx.opera.com/pub/sync?pubid=pub10101531197440&gdpr=1&gdpr_consent=:0
[    4556ms] [ERROR] Failed to load resource: the server responded with a status of 404 () @ https://id5-sync.com/k/1364.gif?TruAudienceID=E1:ssuGof4wSS01MWUVPiGRAbuAWV81jGaReBTOrBEqWhcYHvpA1o38m7HyqfHMGpXWm4CHdJ3LI8rREJAEAUC-lFOjL6EDOtIXwHzNlfj6WJs:0
[    4560ms] [ERROR] Failed to load resource: net::ERR_NAME_NOT_RESOLVED @ https://px.owneriq.net/eox?gdpr=0&gdpr_consent=%5BGDPR_CONSENT%5D:0
[    3071ms] [ERROR] Failed to load resource: the server responded with a status of 400 () @ https://eb2.3lift.com/getuid?gdpr=0&gdpr_consent=&redir=https%3A%2F%2Fvisitor.us-east4.gcp.omnitagjs.com%2Fvisitor%2Fsync%3Fgdpr%3D0%26gdpr_consent%3D%26is_cookie_sync_uid%3D1%26name%3DTRIPLELIFT_cookie_sync%26ttl%3D720%26uid%3D771bebe2d6221e9ca65e16ebf8d2f6f3%26visitor%3D%24UID:0
[    3088ms] [ERROR] Failed to load resource: net::ERR_NAME_NOT_RESOLVED @ https://test.com/?coppa=&gdpr=0&gdpr_consent=&gpp=&gpp_sid=&usp=:0
[    3125ms] [ERROR] Failed to load resource: the server responded with a status of 404 (Not Found) @ https://csync.copper6.com/f3c49daf592d06bab39258cac72c0de9.gif?gdpr=0&gdpr_consent=&redir=https%3A%2F%2Fvisitor.us-east4.gcp.omnitagjs.com%2Fvisitor%2Fsync%3Fgdpr%3D0%26gdpr_consent%3D%26is_cookie_sync_uid%3D1%26name%3DCOPPER6_APP_cookie_sync%26ttl%3D720%26uid%3D123285a4642e0170ed8b35a36075585%26visitor%3D%5BUID%5D:0
[    4793ms] [ERROR] Failed to load resource: the server responded with a status of 400 () @ https://eb2.3lift.com/getuid?gdpr=0&gdpr_consent=&redir=https%3A%2F%2Fvisitor.us-east4.gcp.omnitagjs.com%2Fvisitor%2Fsync%3Fgdpr%3D0%26gdpr_consent%3D%26is_cookie_sync_uid%3D1%26name%3DTRIPLELIFT_cookie_sync%26ttl%3D720%26uid%3D771bebe2d6221e9ca65e16ebf8d2f6f3%26visitor%3D%24UID:0
[    4796ms] [ERROR] Failed to load resource: net::ERR_NAME_NOT_RESOLVED @ https://test.com/?coppa=&gdpr=0&gdpr_consent=&gpp=&gpp_sid=&usp=:0
[    4800ms] [ERROR] Failed to load resource: the server responded with a status of 404 (Not Found) @ https://csync.copper6.com/f3c49daf592d06bab39258cac72c0de9.gif?gdpr=0&gdpr_consent=&redir=https%3A%2F%2Fvisitor.us-east4.gcp.omnitagjs.com%2Fvisitor%2Fsync%3Fgdpr%3D0%26gdpr_consent%3D%26is_cookie_sync_uid%3D1%26name%3DCOPPER6_APP_cookie_sync%26ttl%3D720%26uid%3D123285a4642e0170ed8b35a36075585%26visitor%3D%5BUID%5D:0
[    3071ms] [ERROR] Failed to load resource: the server responded with a status of 400 () @ https://eb2.3lift.com/getuid?gdpr=0&gdpr_consent=&redir=https%3A%2F%2Fvisitor.us-east4.gcp.omnitagjs.com%2Fvisitor%2Fsync%3Fgdpr%3D0%26gdpr_consent%3D%26is_cookie_sync_uid%3D1%26name%3DTRIPLELIFT_cookie_sync%26ttl%3D720%26uid%3D771bebe2d6221e9ca65e16ebf8d2f6f3%26visitor%3D%24UID:0
[    3088ms] [ERROR] Failed to load resource: net::ERR_NAME_NOT_RESOLVED @ https://test.com/?coppa=&gdpr=0&gdpr_consent=&gpp=&gpp_sid=&usp=:0
[    3125ms] [ERROR] Failed to load resource: the server responded with a status of 404 (Not Found) @ https://csync.copper6.com/f3c49daf592d06bab39258cac72c0de9.gif?gdpr=0&gdpr_consent=&redir=https%3A%2F%2Fvisitor.us-east4.gcp.omnitagjs.com%2Fvisitor%2Fsync%3Fgdpr%3D0%26gdpr_consent%3D%26is_cookie_sync_uid%3D1%26name%3DCOPPER6_APP_cookie_sync%26ttl%3D720%26uid%3D123285a4642e0170ed8b35a36075585%26visitor%3D%5BUID%5D:0
[    4793ms] [ERROR] Failed to load resource: the server responded with a status of 400 () @ https://eb2.3lift.com/getuid?gdpr=0&gdpr_consent=&redir=https%3A%2F%2Fvisitor.us-east4.gcp.omnitagjs.com%2Fvisitor%2Fsync%3Fgdpr%3D0%26gdpr_consent%3D%26is_cookie_sync_uid%3D1%26name%3DTRIPLELIFT_cookie_sync%26ttl%3D720%26uid%3D771bebe2d6221e9ca65e16ebf8d2f6f3%26visitor%3D%24UID:0
[    4796ms] [ERROR] Failed to load resource: net::ERR_NAME_NOT_RESOLVED @ https://test.com/?coppa=&gdpr=0&gdpr_consent=&gpp=&gpp_sid=&usp=:0
[    4800ms] [ERROR] Failed to load resource: the server responded with a status of 404 (Not Found) @ https://csync.copper6.com/f3c49daf592d06bab39258cac72c0de9.gif?gdpr=0&gdpr_consent=&redir=https%3A%2F%2Fvisitor.us-east4.gcp.omnitagjs.com%2Fvisitor%2Fsync%3Fgdpr%3D0%26gdpr_consent%3D%26is_cookie_sync_uid%3D1%26name%3DCOPPER6_APP_cookie_sync%26ttl%3D720%26uid%3D123285a4642e0170ed8b35a36075585%26visitor%3D%5BUID%5D:0
[    6714ms] [ERROR] Failed to load resource: the server responded with a status of 400 (Bad Request) @ https://cpm.vistarsagency.com/user-sync?zone=344671&t=image&r=https://image2.pubmatic.com/AdServer/Pug?vcode=bz0yJnR5cGU9MSZjb2RlPTQxNTcmdGw9MTI5NjAw&piggybackCookie={UID}&gdpr=0&gdpr_consent=&us_privacy=&gpp=&gpp_sid=&ccpa=[CCPA]:0
[    6714ms] [ERROR] Failed to load resource: the server responded with a status of 400 (Bad Request) @ https://cpm.vistarsagency.com/user-sync?zone=344671&t=image&r=https://image2.pubmatic.com/AdServer/Pug?vcode=bz0yJnR5cGU9MSZjb2RlPTQxNTcmdGw9MTI5NjAw&piggybackCookie={UID}&gdpr=0&gdpr_consent=&us_privacy=&gpp=&gpp_sid=&ccpa=[CCPA]:0
[    6717ms] [ERROR] Failed to load resource: the server responded with a status of 400 (Bad Request) @ https://cpm.vistarsagency.com/user-sync?zone=354281%20&t=image&r=https://image2.pubmatic.com/AdServer/Pug?vcode=bz0yJnR5cGU9MSZjb2RlPTQxNTcmdGw9MTI5NjAw&piggybackCookie={UID}&gdpr=0&gdpr_consent=&us_privacy=&gpp=&gpp_sid=&ccpa=[CCPA]:0
[    3511ms] [ERROR] Failed to load resource: the server responded with a status of 404 (Not Found) @ https://csync.copper6.com/3ccb4268afab0c2b1373a8a8fdc5011f.gif?coppa=%5BCOPPA%5D&gdpr=0&gdpr_consent=%5BGDPR_CONSENT%5D&gpp=%5BGPP%5D&gpp_sid=%5BGPP_SID%5D&redir=https%3A%2F%2Fcs.openwebmp.com%2Fcs%3Ffwrd%3D1%26aid%3D40040%26puid%3D%5BUID%5D:0
[    3653ms] [ERROR] Failed to load resource: the server responded with a status of 404 (Not Found) @ https://csync.copper6.com/3ccb4268afab0c2b1373a8a8fdc5011f.gif?coppa=%5BCOPPA%5D&gdpr=0&gdpr_consent=%5BGDPR_CONSENT%5D&gpp=%5BGPP%5D&gpp_sid=%5BGPP_SID%5D&redir=https%3A%2F%2Fcs.openwebmp.com%2Fcs%3Ffwrd%3D1%26aid%3D40040%26puid%3D%5BUID%5D:0
[    4918ms] [ERROR] Failed to load resource: the server responded with a status of 404 (Not Found) @ https://csync.copper6.com/3ccb4268afab0c2b1373a8a8fdc5011f.gif?coppa=%5BCOPPA%5D&gdpr=0&gdpr_consent=%5BGDPR_CONSENT%5D&gpp=%5BGPP%5D&gpp_sid=%5BGPP_SID%5D&redir=https%3A%2F%2Fcs.openwebmp.com%2Fcs%3Ffwrd%3D1%26aid%3D40040%26puid%3D%5BUID%5D:0
[    5091ms] [ERROR] Failed to load resource: the server responded with a status of 404 (Not Found) @ https://csync.copper6.com/3ccb4268afab0c2b1373a8a8fdc5011f.gif?coppa=%5BCOPPA%5D&gdpr=0&gdpr_consent=%5BGDPR_CONSENT%5D&gpp=%5BGPP%5D&gpp_sid=%5BGPP_SID%5D&redir=https%3A%2F%2Fcs.openwebmp.com%2Fcs%3Ffwrd%3D1%26aid%3D40040%26puid%3D%5BUID%5D:0
[    7441ms] [ERROR] Failed to load resource: the server responded with a status of 422 () @ https://match.sharethrough.com/FGMrCMMc/v1?gdpr=&gdpr_consent=&us_privacy=&gpp=&gpp_sid=&redirectUri=https%3A%2F%2Fpbs-bunny.receptivity.io%2Fsetuid%3Fbidder%3Dsharethrough%26gdpr%3D%26gdpr_consent%3D%26gpp%3D%26gpp_sid%3D%26f%3Di%26uid%3D%24UID:0
[    3511ms] [ERROR] Failed to load resource: the server responded with a status of 404 (Not Found) @ https://csync.copper6.com/3ccb4268afab0c2b1373a8a8fdc5011f.gif?coppa=%5BCOPPA%5D&gdpr=0&gdpr_consent=%5BGDPR_CONSENT%5D&gpp=%5BGPP%5D&gpp_sid=%5BGPP_SID%5D&redir=https%3A%2F%2Fcs.openwebmp.com%2Fcs%3Ffwrd%3D1%26aid%3D40040%26puid%3D%5BUID%5D:0
[    3653ms] [ERROR] Failed to load resource: the server responded with a status of 404 (Not Found) @ https://csync.copper6.com/3ccb4268afab0c2b1373a8a8fdc5011f.gif?coppa=%5BCOPPA%5D&gdpr=0&gdpr_consent=%5BGDPR_CONSENT%5D&gpp=%5BGPP%5D&gpp_sid=%5BGPP_SID%5D&redir=https%3A%2F%2Fcs.openwebmp.com%2Fcs%3Ffwrd%3D1%26aid%3D40040%26puid%3D%5BUID%5D:0
[    4918ms] [ERROR] Failed to load resource: the server responded with a status of 404 (Not Found) @ https://csync.copper6.com/3ccb4268afab0c2b1373a8a8fdc5011f.gif?coppa=%5BCOPPA%5D&gdpr=0&gdpr_consent=%5BGDPR_CONSENT%5D&gpp=%5BGPP%5D&gpp_sid=%5BGPP_SID%5D&redir=https%3A%2F%2Fcs.openwebmp.com%2Fcs%3Ffwrd%3D1%26aid%3D40040%26puid%3D%5BUID%5D:0
[    5091ms] [ERROR] Failed to load resource: the server responded with a status of 404 (Not Found) @ https://csync.copper6.com/3ccb4268afab0c2b1373a8a8fdc5011f.gif?coppa=%5BCOPPA%5D&gdpr=0&gdpr_consent=%5BGDPR_CONSENT%5D&gpp=%5BGPP%5D&gpp_sid=%5BGPP_SID%5D&redir=https%3A%2F%2Fcs.openwebmp.com%2Fcs%3Ffwrd%3D1%26aid%3D40040%26puid%3D%5BUID%5D:0
[    4556ms] [ERROR] Failed to load resource: the server responded with a status of 404 () @ https://id5-sync.com/k/1364.gif?TruAudienceID=E1:ssuGof4wSS01MWUVPiGRAbuAWV81jGaReBTOrBEqWhcYHvpA1o38m7HyqfHMGpXWm4CHdJ3LI8rREJAEAUC-lFOjL6EDOtIXwHzNlfj6WJs:0
[    4560ms] [ERROR] Failed to load resource: net::ERR_NAME_NOT_RESOLVED @ https://px.owneriq.net/eox?gdpr=0&gdpr_consent=%5BGDPR_CONSENT%5D:0
[    3645ms] [ERROR] Failed to load resource: net::ERR_NAME_NOT_RESOLVED @ https://cs.iqzone.com/570908b7e92df631fee32098aa272f7b.gif?puid=2o0nL2owmwkR0rYYEHW2Ug%3D%3D&gdpr=&gdpr_consent=&ccpa=&coppa=&redir=https%3A%2F%2Fssc-cms.33across.com%2Fps%2F%3Fxi%3D145%26ts%3D1781570313715.6%26us_privacy%3D%26xu%3D%5BUID%5D%26gpp_sid%3D%26gpp%3D:0
[    3645ms] [ERROR] Failed to load resource: net::ERR_NAME_NOT_RESOLVED @ https://cs.iqzone.com/570908b7e92df631fee32098aa272f7b.gif?puid=2o0nL2owmwkR0rYYEHW2Ug%3D%3D&gdpr=&gdpr_consent=&ccpa=&coppa=&redir=https%3A%2F%2Fssc-cms.33across.com%2Fps%2F%3Fxi%3D145%26ts%3D1781570313785.6%26us_privacy%3D%26xu%3D%5BUID%5D%26gpp_sid%3D%26gpp%3D:0
[    5323ms] [ERROR] Failed to load resource: net::ERR_NAME_NOT_RESOLVED @ https://usermatch.krxd.net/um/v2?partner=tapad:0
[    5634ms] [ERROR] Failed to load resource: net::ERR_TOO_MANY_REDIRECTS @ https://ce.lijit.com/merge?pid=58&3pid=6F413B33-4FEC-4D6D-81A9-784D159A3637&us_privacy=&gdpr=0&gdpr_consent=&location=https%3A%2F%2Fid5-sync.com%2Fc%2F1854%2F1242%2F0%2F10.gif%3Fpuid%3D%5BSOVRNID%5D%26gdpr%3D0%26gdpr_consent%3D&s=id5:0
[    7676ms] [ERROR] Failed to load resource: the server responded with a status of 400 (Bad Request) @ https://match.prod.bidr.io/cookie-sync/syn:0
[    7441ms] [ERROR] Failed to load resource: the server responded with a status of 422 () @ https://match.sharethrough.com/FGMrCMMc/v1?gdpr=&gdpr_consent=&us_privacy=&gpp=&gpp_sid=&redirectUri=https%3A%2F%2Fpbs-bunny.receptivity.io%2Fsetuid%3Fbidder%3Dsharethrough%26gdpr%3D%26gdpr_consent%3D%26gpp%3D%26gpp_sid%3D%26f%3Di%26uid%3D%24UID:0
[    4556ms] [ERROR] Failed to load resource: the server responded with a status of 404 () @ https://id5-sync.com/k/1364.gif?TruAudienceID=E1:ssuGof4wSS01MWUVPiGRAbuAWV81jGaReBTOrBEqWhcYHvpA1o38m7HyqfHMGpXWm4CHdJ3LI8rREJAEAUC-lFOjL6EDOtIXwHzNlfj6WJs:0
[    4560ms] [ERROR] Failed to load resource: net::ERR_NAME_NOT_RESOLVED @ https://px.owneriq.net/eox?gdpr=0&gdpr_consent=%5BGDPR_CONSENT%5D:0
[    2805ms] [ERROR] Failed to load resource: the server responded with a status of 424 (Failed Dependency) @ https://t.adx.opera.com/pub/sync?pubid=pub10101531197440&gdpr=1&gdpr_consent=:0
[    4562ms] [ERROR] Failed to load resource: the server responded with a status of 424 (Failed Dependency) @ https://t.adx.opera.com/pub/sync?pubid=pub10101531197440&gdpr=1&gdpr_consent=:0
[    5818ms] [ERROR] Failed to load resource: the server responded with a status of 424 (Failed Dependency) @ https://t.adx.opera.com/pub/sync?pubid=pub10101531197440&gdpr=1&gdpr_consent=:0
[    4556ms] [ERROR] Failed to load resource: the server responded with a status of 404 () @ https://id5-sync.com/k/1364.gif?TruAudienceID=E1:ssuGof4wSS01MWUVPiGRAbuAWV81jGaReBTOrBEqWhcYHvpA1o38m7HyqfHMGpXWm4CHdJ3LI8rREJAEAUC-lFOjL6EDOtIXwHzNlfj6WJs:0
[    4560ms] [ERROR] Failed to load resource: net::ERR_NAME_NOT_RESOLVED @ https://px.owneriq.net/eox?gdpr=0&gdpr_consent=%5BGDPR_CONSENT%5D:0
[    3645ms] [ERROR] Failed to load resource: net::ERR_NAME_NOT_RESOLVED @ https://cs.iqzone.com/570908b7e92df631fee32098aa272f7b.gif?puid=2o0nL2owmwkR0rYYEHW2Ug%3D%3D&gdpr=&gdpr_consent=&ccpa=&coppa=&redir=https%3A%2F%2Fssc-cms.33across.com%2Fps%2F%3Fxi%3D145%26ts%3D1781570313715.6%26us_privacy%3D%26xu%3D%5BUID%5D%26gpp_sid%3D%26gpp%3D:0
[    3645ms] [ERROR] Failed to load resource: net::ERR_NAME_NOT_RESOLVED @ https://cs.iqzone.com/570908b7e92df631fee32098aa272f7b.gif?puid=2o0nL2owmwkR0rYYEHW2Ug%3D%3D&gdpr=&gdpr_consent=&ccpa=&coppa=&redir=https%3A%2F%2Fssc-cms.33across.com%2Fps%2F%3Fxi%3D145%26ts%3D1781570313785.6%26us_privacy%3D%26xu%3D%5BUID%5D%26gpp_sid%3D%26gpp%3D:0
[    5323ms] [ERROR] Failed to load resource: net::ERR_NAME_NOT_RESOLVED @ https://usermatch.krxd.net/um/v2?partner=tapad:0
[    8124ms] [ERROR] Failed to load resource: the server responded with a status of 404 () @ https://cs.admanmedia.com/94fd017f496d404a25fc5546f959bf2f.gif?gdpr=&gdpr_consent=&us_privacy=&redir=https%3A%2F%2Fsync.kueezrtb.com%2Fapi%2Fcookie%3FpartnerId%3Dkueez-acuity%26gdpr%3D%26gdpr_consent%3D%26us_privacy%3D%26userId%3D%5BUID%5D:0
[    7441ms] [ERROR] Failed to load resource: the server responded with a status of 422 () @ https://match.sharethrough.com/FGMrCMMc/v1?gdpr=&gdpr_consent=&us_privacy=&gpp=&gpp_sid=&redirectUri=https%3A%2F%2Fpbs-bunny.receptivity.io%2Fsetuid%3Fbidder%3Dsharethrough%26gdpr%3D%26gdpr_consent%3D%26gpp%3D%26gpp_sid%3D%26f%3Di%26uid%3D%24UID:0
[    2805ms] [ERROR] Failed to load resource: the server responded with a status of 424 (Failed Dependency) @ https://t.adx.opera.com/pub/sync?pubid=pub10101531197440&gdpr=1&gdpr_consent=:0
[    4562ms] [ERROR] Failed to load resource: the server responded with a status of 424 (Failed Dependency) @ https://t.adx.opera.com/pub/sync?pubid=pub10101531197440&gdpr=1&gdpr_consent=:0
[    5818ms] [ERROR] Failed to load resource: the server responded with a status of 424 (Failed Dependency) @ https://t.adx.opera.com/pub/sync?pubid=pub10101531197440&gdpr=1&gdpr_consent=:0
[    2805ms] [ERROR] Failed to load resource: the server responded with a status of 424 (Failed Dependency) @ https://t.adx.opera.com/pub/sync?pubid=pub10101531197440&gdpr=1&gdpr_consent=:0
[    4562ms] [ERROR] Failed to load resource: the server responded with a status of 424 (Failed Dependency) @ https://t.adx.opera.com/pub/sync?pubid=pub10101531197440&gdpr=1&gdpr_consent=:0
[    5818ms] [ERROR] Failed to load resource: the server responded with a status of 424 (Failed Dependency) @ https://t.adx.opera.com/pub/sync?pubid=pub10101531197440&gdpr=1&gdpr_consent=:0
[    5412ms] [ERROR] Failed to load resource: net::ERR_NAME_NOT_RESOLVED @ https://cs.iqzone.com/6f0476ca45e1d6b67e3ee8d57532a022.gif?redir=https%3A%2F%2Fsync.cootlogix.com%2Fapi%2Fcookie%3FpartnerId%3Diqzone%26gdpr%3D0%26gdpr_consent%3D%26us_privacy%3D%26userId%3D%5BUID%5D&gdpr=0&gdpr_consent=&ccpa=:0
[    5573ms] [ERROR] Failed to load resource: the server responded with a status of 404 (Not Found) @ https://us4.shb-sync.com/a760a5a7-e35e-49b8-9f5e-723455346741.gif?puid=4aaf3224-1fc4-a5cb-ac09-4a4defa1ba76&gdpr=0&gdpr_consent=0ccpa=:0
[    5644ms] [ERROR] Failed to load resource: net::ERR_NAME_NOT_RESOLVED @ https://visitor-rtbmix.omnitagjs.com/visitor/bsync?uid=681194867b1fea57a9aee256eb5ea0a7&name=gen01&url=https%3A%2F%2Fsync.adtech.ink%2Fpsync%3Ft%3Dd%26e%3D103%26u%3DPARTNER_USER_ID%26clp%3DaHR0cHM6Ly9zeW5jLmNvb3Rsb2dpeC5jb20vYXBpL2Nvb2tpZT9wYXJ0bmVySWQ9YWRpc29udHYmdXNlcklkPSVVU0VSX0lEJSZnZHByPTAmZ2Rwcl9jb25zZW50PSZ1c19wcml2YWN5PQ:0
[    5412ms] [ERROR] Failed to load resource: net::ERR_NAME_NOT_RESOLVED @ https://cs.iqzone.com/6f0476ca45e1d6b67e3ee8d57532a022.gif?redir=https%3A%2F%2Fsync.cootlogix.com%2Fapi%2Fcookie%3FpartnerId%3Diqzone%26gdpr%3D0%26gdpr_consent%3D%26us_privacy%3D%26userId%3D%5BUID%5D&gdpr=0&gdpr_consent=&ccpa=:0
[    5573ms] [ERROR] Failed to load resource: the server responded with a status of 404 (Not Found) @ https://us4.shb-sync.com/a760a5a7-e35e-49b8-9f5e-723455346741.gif?puid=4aaf3224-1fc4-a5cb-ac09-4a4defa1ba76&gdpr=0&gdpr_consent=0ccpa=:0
[    5644ms] [ERROR] Failed to load resource: net::ERR_NAME_NOT_RESOLVED @ https://visitor-rtbmix.omnitagjs.com/visitor/bsync?uid=681194867b1fea57a9aee256eb5ea0a7&name=gen01&url=https%3A%2F%2Fsync.adtech.ink%2Fpsync%3Ft%3Dd%26e%3D103%26u%3DPARTNER_USER_ID%26clp%3DaHR0cHM6Ly9zeW5jLmNvb3Rsb2dpeC5jb20vYXBpL2Nvb2tpZT9wYXJ0bmVySWQ9YWRpc29udHYmdXNlcklkPSVVU0VSX0lEJSZnZHByPTAmZ2Rwcl9jb25zZW50PSZ1c19wcml2YWN5PQ:0
[    3645ms] [ERROR] Failed to load resource: net::ERR_NAME_NOT_RESOLVED @ https://cs.iqzone.com/570908b7e92df631fee32098aa272f7b.gif?puid=2o0nL2owmwkR0rYYEHW2Ug%3D%3D&gdpr=&gdpr_consent=&ccpa=&coppa=&redir=https%3A%2F%2Fssc-cms.33across.com%2Fps%2F%3Fxi%3D145%26ts%3D1781570313715.6%26us_privacy%3D%26xu%3D%5BUID%5D%26gpp_sid%3D%26gpp%3D:0
[    3645ms] [ERROR] Failed to load resource: net::ERR_NAME_NOT_RESOLVED @ https://cs.iqzone.com/570908b7e92df631fee32098aa272f7b.gif?puid=2o0nL2owmwkR0rYYEHW2Ug%3D%3D&gdpr=&gdpr_consent=&ccpa=&coppa=&redir=https%3A%2F%2Fssc-cms.33across.com%2Fps%2F%3Fxi%3D145%26ts%3D1781570313785.6%26us_privacy%3D%26xu%3D%5BUID%5D%26gpp_sid%3D%26gpp%3D:0
[    5323ms] [ERROR] Failed to load resource: net::ERR_NAME_NOT_RESOLVED @ https://usermatch.krxd.net/um/v2?partner=tapad:0
[    8242ms] [ERROR] Failed to load resource: the server responded with a status of 404 (Not Found) @ https://us4.shb-sync.com/a760a5a7-e35e-49b8-9f5e-723455346741.gif?puid=4aaf3224-1fc4-a5cb-ac09-4a4defa1ba76&gdpr=&gdpr_consent=ccpa=:0
[    8245ms] [ERROR] Failed to load resource: net::ERR_NAME_NOT_RESOLVED @ https://visitor-iqzone.omnitagjs.com/visitor/bsync?uid=9ad5ea74eb6daacb66ec769f76978abc&name=GEN1&url=https%3A%2F%2Fsync.iqzonertb.live%2Fpsync%3Ft%3Dd%26e%3D466%26u%3D%5BUID%5D:0
[    2805ms] [ERROR] Failed to load resource: the server responded with a status of 424 (Failed Dependency) @ https://t.adx.opera.com/pub/sync?pubid=pub10101531197440&gdpr=1&gdpr_consent=:0
[    4562ms] [ERROR] Failed to load resource: the server responded with a status of 424 (Failed Dependency) @ https://t.adx.opera.com/pub/sync?pubid=pub10101531197440&gdpr=1&gdpr_consent=:0
[    5818ms] [ERROR] Failed to load resource: the server responded with a status of 424 (Failed Dependency) @ https://t.adx.opera.com/pub/sync?pubid=pub10101531197440&gdpr=1&gdpr_consent=:0
[    8272ms] [ERROR] Failed to load resource: the server responded with a status of 404 (Not Found) @ https://us4.shb-sync.com/a760a5a7-e35e-49b8-9f5e-723455346741.gif?puid=4aaf3224-1fc4-a5cb-ac09-4a4defa1ba76&gdpr=&gdpr_consent=ccpa=:0
[    8272ms] [ERROR] Failed to load resource: net::ERR_NAME_NOT_RESOLVED @ https://cs.iqzone.com/6f0476ca45e1d6b67e3ee8d57532a022.gif?redir=https%3A%2F%2Fsync.cootlogix.com%2Fapi%2Fcookie%3FpartnerId%3Diqzone%26gdpr%3D%26gdpr_consent%3D%26us_privacy%3D%26userId%3D%5BUID%5D&gdpr=&gdpr_consent=&ccpa=:0
[    2805ms] [ERROR] Failed to load resource: the server responded with a status of 424 (Failed Dependency) @ https://t.adx.opera.com/pub/sync?pubid=pub10101531197440&gdpr=1&gdpr_consent=:0
[    4562ms] [ERROR] Failed to load resource: the server responded with a status of 424 (Failed Dependency) @ https://t.adx.opera.com/pub/sync?pubid=pub10101531197440&gdpr=1&gdpr_consent=:0
[    5818ms] [ERROR] Failed to load resource: the server responded with a status of 424 (Failed Dependency) @ https://t.adx.opera.com/pub/sync?pubid=pub10101531197440&gdpr=1&gdpr_consent=:0
[    8329ms] [ERROR] Failed to load resource: net::ERR_NAME_NOT_RESOLVED @ https://visitor-safari.omnitagjs.com/visitor/bsync?uid=d18a3e2f66cd92d3dd8b543f28c4a5cb&name=beop&url=https%3A%2F%2Fsync.adtech.ink%2Fpsync%3Ft%3Dd%26e%3D204%26u%3DPARTNER_USER_ID%26clp%3DaHR0cHM6Ly9zeW5jLmNvb3Rsb2dpeC5jb20vYXBpL2Nvb2tpZT9wYXJ0bmVySWQ9YWRpc29udHYmdXNlcklkPSVVU0VSX0lEJSZnZHByPSZnZHByX2NvbnNlbnQ9JnVzX3ByaXZhY3k9:0
[    8333ms] [ERROR] Failed to load resource: net::ERR_NAME_NOT_RESOLVED @ https://cs.iqzone.com/6f0476ca45e1d6b67e3ee8d57532a022.gif?redir=https%3A%2F%2Fsync.cootlogix.com%2Fapi%2Fcookie%3FpartnerId%3Diqzone%26gdpr%3D%26gdpr_consent%3D%26us_privacy%3D%26userId%3D%5BUID%5D&gdpr=&gdpr_consent=&ccpa=:0
[    8379ms] [WARNING] An iframe which has both allow-scripts and allow-same-origin for its sandbox attribute can escape its sandboxing. @ https://cadmus.script.ac/digg7anmcfked/script.js:0
[    8390ms] [WARNING] An iframe which has both allow-scripts and allow-same-origin for its sandbox attribute can escape its sandboxing. @ https://cadmus.script.ac/digg7anmcfked/script.js:0
[    8436ms] [ERROR] Failed to load resource: the server responded with a status of 404 (Not Found) @ https://b1sync.zemanta.com/usersync/ogury/?gdpr=0&gdpr_consent=&cb=https%3A%2F%2Fms-cookie-sync.presage.io%2Fuser-sync%3Foutbrain_id%3D__ZUID__:0
[    8445ms] [ERROR] Failed to load resource: the server responded with a status of 424 (Failed Dependency) @ https://t.adx.opera.com/pub/sync?pubid=pub10101531197440&gdpr=1&gdpr_consent=:0
[    8481ms] [ERROR] Failed to load resource: net::ERR_CERT_DATE_INVALID @ https://tracker.adex-rtb.com/sync?id=1&uid=4490434460434B91B5C0BD6CF646DA95:0
[    3511ms] [ERROR] Failed to load resource: the server responded with a status of 404 (Not Found) @ https://csync.copper6.com/3ccb4268afab0c2b1373a8a8fdc5011f.gif?coppa=%5BCOPPA%5D&gdpr=0&gdpr_consent=%5BGDPR_CONSENT%5D&gpp=%5BGPP%5D&gpp_sid=%5BGPP_SID%5D&redir=https%3A%2F%2Fcs.openwebmp.com%2Fcs%3Ffwrd%3D1%26aid%3D40040%26puid%3D%5BUID%5D:0
[    3653ms] [ERROR] Failed to load resource: the server responded with a status of 404 (Not Found) @ https://csync.copper6.com/3ccb4268afab0c2b1373a8a8fdc5011f.gif?coppa=%5BCOPPA%5D&gdpr=0&gdpr_consent=%5BGDPR_CONSENT%5D&gpp=%5BGPP%5D&gpp_sid=%5BGPP_SID%5D&redir=https%3A%2F%2Fcs.openwebmp.com%2Fcs%3Ffwrd%3D1%26aid%3D40040%26puid%3D%5BUID%5D:0
[    4918ms] [ERROR] Failed to load resource: the server responded with a status of 404 (Not Found) @ https://csync.copper6.com/3ccb4268afab0c2b1373a8a8fdc5011f.gif?coppa=%5BCOPPA%5D&gdpr=0&gdpr_consent=%5BGDPR_CONSENT%5D&gpp=%5BGPP%5D&gpp_sid=%5BGPP_SID%5D&redir=https%3A%2F%2Fcs.openwebmp.com%2Fcs%3Ffwrd%3D1%26aid%3D40040%26puid%3D%5BUID%5D:0
[    5091ms] [ERROR] Failed to load resource: the server responded with a status of 404 (Not Found) @ https://csync.copper6.com/3ccb4268afab0c2b1373a8a8fdc5011f.gif?coppa=%5BCOPPA%5D&gdpr=0&gdpr_consent=%5BGDPR_CONSENT%5D&gpp=%5BGPP%5D&gpp_sid=%5BGPP_SID%5D&redir=https%3A%2F%2Fcs.openwebmp.com%2Fcs%3Ffwrd%3D1%26aid%3D40040%26puid%3D%5BUID%5D:0
[    8558ms] [WARNING] [GPT] PubAdsService.getTargeting is deprecated, use googletag.getConfig('targeting') instead.
https://goo.gle/gpt-message#200 @ https://securepubads.g.doubleclick.net/pagead/managed/js/gpt/m202606110101/pubads_impl.js?cb=31099134:18
[    5634ms] [ERROR] Failed to load resource: net::ERR_TOO_MANY_REDIRECTS @ https://ce.lijit.com/merge?pid=58&3pid=6F413B33-4FEC-4D6D-81A9-784D159A3637&us_privacy=&gdpr=0&gdpr_consent=&location=https%3A%2F%2Fid5-sync.com%2Fc%2F1854%2F1242%2F0%2F10.gif%3Fpuid%3D%5BSOVRNID%5D%26gdpr%3D0%26gdpr_consent%3D&s=id5:0
[    2805ms] [ERROR] Failed to load resource: the server responded with a status of 424 (Failed Dependency) @ https://t.adx.opera.com/pub/sync?pubid=pub10101531197440&gdpr=1&gdpr_consent=:0
[    4562ms] [ERROR] Failed to load resource: the server responded with a status of 424 (Failed Dependency) @ https://t.adx.opera.com/pub/sync?pubid=pub10101531197440&gdpr=1&gdpr_consent=:0
[    5818ms] [ERROR] Failed to load resource: the server responded with a status of 424 (Failed Dependency) @ https://t.adx.opera.com/pub/sync?pubid=pub10101531197440&gdpr=1&gdpr_consent=:0
[    8445ms] [ERROR] Failed to load resource: the server responded with a status of 424 (Failed Dependency) @ https://t.adx.opera.com/pub/sync?pubid=pub10101531197440&gdpr=1&gdpr_consent=:0
[    3511ms] [ERROR] Failed to load resource: the server responded with a status of 404 (Not Found) @ https://csync.copper6.com/3ccb4268afab0c2b1373a8a8fdc5011f.gif?coppa=%5BCOPPA%5D&gdpr=0&gdpr_consent=%5BGDPR_CONSENT%5D&gpp=%5BGPP%5D&gpp_sid=%5BGPP_SID%5D&redir=https%3A%2F%2Fcs.openwebmp.com%2Fcs%3Ffwrd%3D1%26aid%3D40040%26puid%3D%5BUID%5D:0
[    3653ms] [ERROR] Failed to load resource: the server responded with a status of 404 (Not Found) @ https://csync.copper6.com/3ccb4268afab0c2b1373a8a8fdc5011f.gif?coppa=%5BCOPPA%5D&gdpr=0&gdpr_consent=%5BGDPR_CONSENT%5D&gpp=%5BGPP%5D&gpp_sid=%5BGPP_SID%5D&redir=https%3A%2F%2Fcs.openwebmp.com%2Fcs%3Ffwrd%3D1%26aid%3D40040%26puid%3D%5BUID%5D:0
[    4918ms] [ERROR] Failed to load resource: the server responded with a status of 404 (Not Found) @ https://csync.copper6.com/3ccb4268afab0c2b1373a8a8fdc5011f.gif?coppa=%5BCOPPA%5D&gdpr=0&gdpr_consent=%5BGDPR_CONSENT%5D&gpp=%5BGPP%5D&gpp_sid=%5BGPP_SID%5D&redir=https%3A%2F%2Fcs.openwebmp.com%2Fcs%3Ffwrd%3D1%26aid%3D40040%26puid%3D%5BUID%5D:0
[    5091ms] [ERROR] Failed to load resource: the server responded with a status of 404 (Not Found) @ https://csync.copper6.com/3ccb4268afab0c2b1373a8a8fdc5011f.gif?coppa=%5BCOPPA%5D&gdpr=0&gdpr_consent=%5BGDPR_CONSENT%5D&gpp=%5BGPP%5D&gpp_sid=%5BGPP_SID%5D&redir=https%3A%2F%2Fcs.openwebmp.com%2Fcs%3Ffwrd%3D1%26aid%3D40040%26puid%3D%5BUID%5D:0
[    8814ms] [ERROR] Attestation check for Shared Storage on https://www.googleadservices.com failed. @ https://www.googleadservices.com/pagead/managed/js/activeview/current/reach_worklet.html:0
[    8862ms] [ERROR] Failed to load resource: net::ERR_TOO_MANY_REDIRECTS @ https://sync.srv.stackadapt.com/sync?nid=50&gdpr=0&gdpr_consent=&gdpr_pd=&ssp=stickyads:0
[    9027ms] [TIMEEND] a: 0.0009765625 ms @ https://static.adsafeprotected.com/sca.17.6.4.js:31
[    5412ms] [ERROR] Failed to load resource: net::ERR_NAME_NOT_RESOLVED @ https://cs.iqzone.com/6f0476ca45e1d6b67e3ee8d57532a022.gif?redir=https%3A%2F%2Fsync.cootlogix.com%2Fapi%2Fcookie%3FpartnerId%3Diqzone%26gdpr%3D0%26gdpr_consent%3D%26us_privacy%3D%26userId%3D%5BUID%5D&gdpr=0&gdpr_consent=&ccpa=:0
[    5573ms] [ERROR] Failed to load resource: the server responded with a status of 404 (Not Found) @ https://us4.shb-sync.com/a760a5a7-e35e-49b8-9f5e-723455346741.gif?puid=4aaf3224-1fc4-a5cb-ac09-4a4defa1ba76&gdpr=0&gdpr_consent=0ccpa=:0
[    5644ms] [ERROR] Failed to load resource: net::ERR_NAME_NOT_RESOLVED @ https://visitor-rtbmix.omnitagjs.com/visitor/bsync?uid=681194867b1fea57a9aee256eb5ea0a7&name=gen01&url=https%3A%2F%2Fsync.adtech.ink%2Fpsync%3Ft%3Dd%26e%3D103%26u%3DPARTNER_USER_ID%26clp%3DaHR0cHM6Ly9zeW5jLmNvb3Rsb2dpeC5jb20vYXBpL2Nvb2tpZT9wYXJ0bmVySWQ9YWRpc29udHYmdXNlcklkPSVVU0VSX0lEJSZnZHByPTAmZ2Rwcl9jb25zZW50PSZ1c19wcml2YWN5PQ:0
[    8242ms] [ERROR] Failed to load resource: the server responded with a status of 404 (Not Found) @ https://us4.shb-sync.com/a760a5a7-e35e-49b8-9f5e-723455346741.gif?puid=4aaf3224-1fc4-a5cb-ac09-4a4defa1ba76&gdpr=&gdpr_consent=ccpa=:0
[    8272ms] [ERROR] Failed to load resource: the server responded with a status of 404 (Not Found) @ https://us4.shb-sync.com/a760a5a7-e35e-49b8-9f5e-723455346741.gif?puid=4aaf3224-1fc4-a5cb-ac09-4a4defa1ba76&gdpr=&gdpr_consent=ccpa=:0
[    8272ms] [ERROR] Failed to load resource: net::ERR_NAME_NOT_RESOLVED @ https://cs.iqzone.com/6f0476ca45e1d6b67e3ee8d57532a022.gif?redir=https%3A%2F%2Fsync.cootlogix.com%2Fapi%2Fcookie%3FpartnerId%3Diqzone%26gdpr%3D%26gdpr_consent%3D%26us_privacy%3D%26userId%3D%5BUID%5D&gdpr=&gdpr_consent=&ccpa=:0
[    8329ms] [ERROR] Failed to load resource: net::ERR_NAME_NOT_RESOLVED @ https://visitor-safari.omnitagjs.com/visitor/bsync?uid=d18a3e2f66cd92d3dd8b543f28c4a5cb&name=beop&url=https%3A%2F%2Fsync.adtech.ink%2Fpsync%3Ft%3Dd%26e%3D204%26u%3DPARTNER_USER_ID%26clp%3DaHR0cHM6Ly9zeW5jLmNvb3Rsb2dpeC5jb20vYXBpL2Nvb2tpZT9wYXJ0bmVySWQ9YWRpc29udHYmdXNlcklkPSVVU0VSX0lEJSZnZHByPSZnZHByX2NvbnNlbnQ9JnVzX3ByaXZhY3k9:0
[    8333ms] [ERROR] Failed to load resource: net::ERR_NAME_NOT_RESOLVED @ https://cs.iqzone.com/6f0476ca45e1d6b67e3ee8d57532a022.gif?redir=https%3A%2F%2Fsync.cootlogix.com%2Fapi%2Fcookie%3FpartnerId%3Diqzone%26gdpr%3D%26gdpr_consent%3D%26us_privacy%3D%26userId%3D%5BUID%5D&gdpr=&gdpr_consent=&ccpa=:0
[   11359ms] [ERROR] Failed to load resource: net::ERR_NAME_NOT_RESOLVED @ https://cs.iqzone.com/6f0476ca45e1d6b67e3ee8d57532a022.gif?redir=https%3A%2F%2Fsync.cootlogix.com%2Fapi%2Fcookie%3FpartnerId%3Diqzone%26gdpr%3D%26gdpr_consent%3D%26us_privacy%3D%26userId%3D%5BUID%5D&gdpr=&gdpr_consent=&ccpa=:0
[   11371ms] [ERROR] Failed to load resource: the server responded with a status of 404 (Not Found) @ https://us4.shb-sync.com/a760a5a7-e35e-49b8-9f5e-723455346741.gif?puid=4aaf3224-1fc4-a5cb-ac09-4a4defa1ba76&gdpr=&gdpr_consent=ccpa=:0
[   11445ms] [ERROR] Failed to load resource: the server responded with a status of 404 () @ https://ittpx.eskimi.com/sync?sp_id=181&gdpr=${GDPR}&gdpr_consent=${GDPR_CONSENT}&us_privacy=${US_PRIVACY}&dest=https%3A%2F%2Fsync.adtech.ink%2Fpsync%3Ft%3Dd%26e%3D350%26u%3D%24%7BUSER_ID%7D%26clp%3DaHR0cHM6Ly9zeW5jLmNvb3Rsb2dpeC5jb20vYXBpL2Nvb2tpZT9wYXJ0bmVySWQ9YWRpc29udHYmdXNlcklkPSVVU0VSX0lEJSZnZHByPSZnZHByX2NvbnNlbnQ9JnVzX3ByaXZhY3k9:0
[    2805ms] [ERROR] Failed to load resource: the server responded with a status of 424 (Failed Dependency) @ https://t.adx.opera.com/pub/sync?pubid=pub10101531197440&gdpr=1&gdpr_consent=:0
[    4562ms] [ERROR] Failed to load resource: the server responded with a status of 424 (Failed Dependency) @ https://t.adx.opera.com/pub/sync?pubid=pub10101531197440&gdpr=1&gdpr_consent=:0
[    5818ms] [ERROR] Failed to load resource: the server responded with a status of 424 (Failed Dependency) @ https://t.adx.opera.com/pub/sync?pubid=pub10101531197440&gdpr=1&gdpr_consent=:0
[    8445ms] [ERROR] Failed to load resource: the server responded with a status of 424 (Failed Dependency) @ https://t.adx.opera.com/pub/sync?pubid=pub10101531197440&gdpr=1&gdpr_consent=:0
[    2805ms] [ERROR] Failed to load resource: the server responded with a status of 424 (Failed Dependency) @ https://t.adx.opera.com/pub/sync?pubid=pub10101531197440&gdpr=1&gdpr_consent=:0
[    4562ms] [ERROR] Failed to load resource: the server responded with a status of 424 (Failed Dependency) @ https://t.adx.opera.com/pub/sync?pubid=pub10101531197440&gdpr=1&gdpr_consent=:0
[    5818ms] [ERROR] Failed to load resource: the server responded with a status of 424 (Failed Dependency) @ https://t.adx.opera.com/pub/sync?pubid=pub10101531197440&gdpr=1&gdpr_consent=:0
[    8445ms] [ERROR] Failed to load resource: the server responded with a status of 424 (Failed Dependency) @ https://t.adx.opera.com/pub/sync?pubid=pub10101531197440&gdpr=1&gdpr_consent=:0
[    3645ms] [ERROR] Failed to load resource: net::ERR_NAME_NOT_RESOLVED @ https://cs.iqzone.com/570908b7e92df631fee32098aa272f7b.gif?puid=2o0nL2owmwkR0rYYEHW2Ug%3D%3D&gdpr=&gdpr_consent=&ccpa=&coppa=&redir=https%3A%2F%2Fssc-cms.33across.com%2Fps%2F%3Fxi%3D145%26ts%3D1781570313715.6%26us_privacy%3D%26xu%3D%5BUID%5D%26gpp_sid%3D%26gpp%3D:0
[    3645ms] [ERROR] Failed to load resource: net::ERR_NAME_NOT_RESOLVED @ https://cs.iqzone.com/570908b7e92df631fee32098aa272f7b.gif?puid=2o0nL2owmwkR0rYYEHW2Ug%3D%3D&gdpr=&gdpr_consent=&ccpa=&coppa=&redir=https%3A%2F%2Fssc-cms.33across.com%2Fps%2F%3Fxi%3D145%26ts%3D1781570313785.6%26us_privacy%3D%26xu%3D%5BUID%5D%26gpp_sid%3D%26gpp%3D:0
[    5323ms] [ERROR] Failed to load resource: net::ERR_NAME_NOT_RESOLVED @ https://usermatch.krxd.net/um/v2?partner=tapad:0
[   14778ms] [ERROR] Failed to load resource: the server responded with a status of 404 () @ https://cs.admanmedia.com/94fd017f496d404a25fc5546f959bf2f.gif?gdpr=0&gdpr_consent=&us_privacy=&redir=https%3A%2F%2Fsync.kueezrtb.com%2Fapi%2Fcookie%3FpartnerId%3Dkueez-acuity%26gdpr%3D0%26gdpr_consent%3D%26us_privacy%3D%26userId%3D%5BUID%5D:0
[    5412ms] [ERROR] Failed to load resource: net::ERR_NAME_NOT_RESOLVED @ https://cs.iqzone.com/6f0476ca45e1d6b67e3ee8d57532a022.gif?redir=https%3A%2F%2Fsync.cootlogix.com%2Fapi%2Fcookie%3FpartnerId%3Diqzone%26gdpr%3D0%26gdpr_consent%3D%26us_privacy%3D%26userId%3D%5BUID%5D&gdpr=0&gdpr_consent=&ccpa=:0
[    5573ms] [ERROR] Failed to load resource: the server responded with a status of 404 (Not Found) @ https://us4.shb-sync.com/a760a5a7-e35e-49b8-9f5e-723455346741.gif?puid=4aaf3224-1fc4-a5cb-ac09-4a4defa1ba76&gdpr=0&gdpr_consent=0ccpa=:0
[    5644ms] [ERROR] Failed to load resource: net::ERR_NAME_NOT_RESOLVED @ https://visitor-rtbmix.omnitagjs.com/visitor/bsync?uid=681194867b1fea57a9aee256eb5ea0a7&name=gen01&url=https%3A%2F%2Fsync.adtech.ink%2Fpsync%3Ft%3Dd%26e%3D103%26u%3DPARTNER_USER_ID%26clp%3DaHR0cHM6Ly9zeW5jLmNvb3Rsb2dpeC5jb20vYXBpL2Nvb2tpZT9wYXJ0bmVySWQ9YWRpc29udHYmdXNlcklkPSVVU0VSX0lEJSZnZHByPTAmZ2Rwcl9jb25zZW50PSZ1c19wcml2YWN5PQ:0
[    8242ms] [ERROR] Failed to load resource: the server responded with a status of 404 (Not Found) @ https://us4.shb-sync.com/a760a5a7-e35e-49b8-9f5e-723455346741.gif?puid=4aaf3224-1fc4-a5cb-ac09-4a4defa1ba76&gdpr=&gdpr_consent=ccpa=:0
[    8272ms] [ERROR] Failed to load resource: the server responded with a status of 404 (Not Found) @ https://us4.shb-sync.com/a760a5a7-e35e-49b8-9f5e-723455346741.gif?puid=4aaf3224-1fc4-a5cb-ac09-4a4defa1ba76&gdpr=&gdpr_consent=ccpa=:0
[    8272ms] [ERROR] Failed to load resource: net::ERR_NAME_NOT_RESOLVED @ https://cs.iqzone.com/6f0476ca45e1d6b67e3ee8d57532a022.gif?redir=https%3A%2F%2Fsync.cootlogix.com%2Fapi%2Fcookie%3FpartnerId%3Diqzone%26gdpr%3D%26gdpr_consent%3D%26us_privacy%3D%26userId%3D%5BUID%5D&gdpr=&gdpr_consent=&ccpa=:0
[    8329ms] [ERROR] Failed to load resource: net::ERR_NAME_NOT_RESOLVED @ https://visitor-safari.omnitagjs.com/visitor/bsync?uid=d18a3e2f66cd92d3dd8b543f28c4a5cb&name=beop&url=https%3A%2F%2Fsync.adtech.ink%2Fpsync%3Ft%3Dd%26e%3D204%26u%3DPARTNER_USER_ID%26clp%3DaHR0cHM6Ly9zeW5jLmNvb3Rsb2dpeC5jb20vYXBpL2Nvb2tpZT9wYXJ0bmVySWQ9YWRpc29udHYmdXNlcklkPSVVU0VSX0lEJSZnZHByPSZnZHByX2NvbnNlbnQ9JnVzX3ByaXZhY3k9:0
[    8333ms] [ERROR] Failed to load resource: net::ERR_NAME_NOT_RESOLVED @ https://cs.iqzone.com/6f0476ca45e1d6b67e3ee8d57532a022.gif?redir=https%3A%2F%2Fsync.cootlogix.com%2Fapi%2Fcookie%3FpartnerId%3Diqzone%26gdpr%3D%26gdpr_consent%3D%26us_privacy%3D%26userId%3D%5BUID%5D&gdpr=&gdpr_consent=&ccpa=:0
[   11359ms] [ERROR] Failed to load resource: net::ERR_NAME_NOT_RESOLVED @ https://cs.iqzone.com/6f0476ca45e1d6b67e3ee8d57532a022.gif?redir=https%3A%2F%2Fsync.cootlogix.com%2Fapi%2Fcookie%3FpartnerId%3Diqzone%26gdpr%3D%26gdpr_consent%3D%26us_privacy%3D%26userId%3D%5BUID%5D&gdpr=&gdpr_consent=&ccpa=:0
[   11371ms] [ERROR] Failed to load resource: the server responded with a status of 404 (Not Found) @ https://us4.shb-sync.com/a760a5a7-e35e-49b8-9f5e-723455346741.gif?puid=4aaf3224-1fc4-a5cb-ac09-4a4defa1ba76&gdpr=&gdpr_consent=ccpa=:0
[   11445ms] [ERROR] Failed to load resource: the server responded with a status of 404 () @ https://ittpx.eskimi.com/sync?sp_id=181&gdpr=${GDPR}&gdpr_consent=${GDPR_CONSENT}&us_privacy=${US_PRIVACY}&dest=https%3A%2F%2Fsync.adtech.ink%2Fpsync%3Ft%3Dd%26e%3D350%26u%3D%24%7BUSER_ID%7D%26clp%3DaHR0cHM6Ly9zeW5jLmNvb3Rsb2dpeC5jb20vYXBpL2Nvb2tpZT9wYXJ0bmVySWQ9YWRpc29udHYmdXNlcklkPSVVU0VSX0lEJSZnZHByPSZnZHByX2NvbnNlbnQ9JnVzX3ByaXZhY3k9:0
[   15356ms] [ERROR] Failed to load resource: net::ERR_NAME_NOT_RESOLVED @ https://cs.iqzone.com/6f0476ca45e1d6b67e3ee8d57532a022.gif?redir=https%3A%2F%2Fsync.cootlogix.com%2Fapi%2Fcookie%3FpartnerId%3Diqzone%26gdpr%3D0%26gdpr_consent%3D%26us_privacy%3D%26userId%3D%5BUID%5D&gdpr=0&gdpr_consent=&ccpa=:0
[   15363ms] [ERROR] Failed to load resource: the server responded with a status of 404 (Not Found) @ https://us4.shb-sync.com/a760a5a7-e35e-49b8-9f5e-723455346741.gif?puid=4aaf3224-1fc4-a5cb-ac09-4a4defa1ba76&gdpr=0&gdpr_consent=0ccpa=:0
[   16261ms] [ERROR] Failed to load resource: the server responded with a status of 404 () @ https://cs.admanmedia.com/94fd017f496d404a25fc5546f959bf2f.gif?gdpr=0&gdpr_consent=&us_privacy=&redir=https%3A%2F%2Fsync.kueezrtb.com%2Fapi%2Fcookie%3FpartnerId%3Dkueez-acuity%26gdpr%3D0%26gdpr_consent%3D%26us_privacy%3D%26userId%3D%5BUID%5D:0
[    8814ms] [ERROR] Attestation check for Shared Storage on https://www.googleadservices.com failed. @ https://www.googleadservices.com/pagead/managed/js/activeview/current/reach_worklet.html:0
[   40589ms] [ERROR] Attestation check for Shared Storage on https://www.googleadservices.com failed. @ https://www.googleadservices.com/pagead/managed/js/activeview/current/reach_worklet.html:0
[    8814ms] [ERROR] Attestation check for Shared Storage on https://www.googleadservices.com failed. @ https://www.googleadservices.com/pagead/managed/js/activeview/current/reach_worklet.html:0
[   40589ms] [ERROR] Attestation check for Shared Storage on https://www.googleadservices.com failed. @ https://www.googleadservices.com/pagead/managed/js/activeview/current/reach_worklet.html:0
[   40810ms] [ERROR] Attestation check for Shared Storage on https://www.googleadservices.com failed. @ https://www.googleadservices.com/pagead/managed/js/activeview/current/reach_worklet.html:0
[   41609ms] [WARNING] An iframe which has both allow-scripts and allow-same-origin for its sandbox attribute can escape its sandboxing. @ https://cadmus.script.ac/digg7anmcfked/script.js:0
[    8814ms] [ERROR] Attestation check for Shared Storage on https://www.googleadservices.com failed. @ https://www.googleadservices.com/pagead/managed/js/activeview/current/reach_worklet.html:0
[   40589ms] [ERROR] Attestation check for Shared Storage on https://www.googleadservices.com failed. @ https://www.googleadservices.com/pagead/managed/js/activeview/current/reach_worklet.html:0
[   40810ms] [ERROR] Attestation check for Shared Storage on https://www.googleadservices.com failed. @ https://www.googleadservices.com/pagead/managed/js/activeview/current/reach_worklet.html:0
[   41690ms] [ERROR] Attestation check for Shared Storage on https://www.googleadservices.com failed. @ https://www.googleadservices.com/pagead/managed/js/activeview/current/reach_worklet.html:0
[   45653ms] [WARNING] An iframe which has both allow-scripts and allow-same-origin for its sandbox attribute can escape its sandboxing. @ https://cadmus.script.ac/digg7anmcfked/script.js:0
[    8814ms] [ERROR] Attestation check for Shared Storage on https://www.googleadservices.com failed. @ https://www.googleadservices.com/pagead/managed/js/activeview/current/reach_worklet.html:0
[   40589ms] [ERROR] Attestation check for Shared Storage on https://www.googleadservices.com failed. @ https://www.googleadservices.com/pagead/managed/js/activeview/current/reach_worklet.html:0
[   40810ms] [ERROR] Attestation check for Shared Storage on https://www.googleadservices.com failed. @ https://www.googleadservices.com/pagead/managed/js/activeview/current/reach_worklet.html:0
[   41690ms] [ERROR] Attestation check for Shared Storage on https://www.googleadservices.com failed. @ https://www.googleadservices.com/pagead/managed/js/activeview/current/reach_worklet.html:0
[   45802ms] [ERROR] Attestation check for Shared Storage on https://www.googleadservices.com failed. @ https://www.googleadservices.com/pagead/managed/js/activeview/current/reach_worklet.html:0
[   49124ms] [ERROR] Failed to load resource: the server responded with a status of 502 (Bad Gateway) @ https://tpsc-ue1.doubleverify.com/event.png?impid=58b9a9a288404b10a590334e186c2760&flavor=0&gdpr=0&gdpr_consent=&ee_dp_ismm=1&eoid=38&isbxdms=4907&b0=1309&b1=101&b3=100&b4=202&b5=201&b8=302&b9=100&b10=201&b11=2528&ivsos=7&lftb=5044&sftb=5044&engmsmvms=5034:0
[   61068ms] [ERROR] Failed to load resource: the server responded with a status of 502 (Bad Gateway) @ https://tpsc-ue1.doubleverify.com/event.png?impid=749bb2b4af2a4dc6863d282dde4cffc0&flavor=0&gdpr=0&gdpr_consent=&isbxdms=14127&b11=11630&iabv10=14127&lftb=14236&sftb=14236&m50invms=6013&ee_dp_m50invnprms=6013&eoid=36:0
